<?xml version="1.0" encoding="UTF-8"?>
<coverage generated="1572440476529" clover="3.2.0">
  <project timestamp="1572440476529" name="All files">
    <metrics statements="11" coveredstatements="7" conditionals="2" coveredconditionals="0" methods="8" coveredmethods="5" elements="21" coveredelements="12" complexity="0" loc="11" ncloc="11" packages="1" files="2" classes="2"/>
    <file name="landing-page.vue" path="/home/sams/samsdebian/reimagine-github/src/components/landing-page.vue">
      <metrics statements="3" coveredstatements="1" conditionals="2" coveredconditionals="0" methods="2" coveredmethods="1"/>
      <line num="13" count="0" type="cond" truecount="0" falsecount="2"/>
      <line num="14" count="0" type="stmt"/>
      <line num="19" count="1" type="stmt"/>
    </file>
    <file name="user-profile.vue" path="/home/sams/samsdebian/reimagine-github/src/components/user-profile.vue">
      <metrics statements="8" coveredstatements="6" conditionals="0" coveredconditionals="0" methods="6" coveredmethods="4"/>
      <line num="28" count="1" type="stmt"/>
      <line num="29" count="1" type="stmt"/>
      <line num="30" count="1" type="stmt"/>
      <line num="34" count="1" type="stmt"/>
      <line num="35" count="0" type="stmt"/>
      <line num="39" count="1" type="stmt"/>
      <line num="40" count="0" type="stmt"/>
      <line num="45" count="1" type="stmt"/>
    </file>
  </project>
</coverage>
