TN:
SF:/home/sams/samsdebian/reimagine-github/babel.config.js
FNF:0
FNH:0
DA:1,0
LF:1
LH:0
BRF:0
BRH:0
end_of_record
TN:
SF:/home/sams/samsdebian/reimagine-github/coverage/lcov-report/block-navigation.js
FN:2,init
FN:24,toggleClass
FN:31,makeCurrent
FN:41,goToPrevious
FN:52,goToNext
FN:65,jump
FNF:6
FNH:0
FNDA:0,init
FNDA:0,toggleClass
FNDA:0,makeCurrent
FNDA:0,goToPrevious
FNDA:0,goToNext
FNDA:0,jump
DA:2,0
DA:4,0
DA:7,0
DA:10,0
DA:14,0
DA:20,0
DA:25,0
DA:28,0
DA:32,0
DA:33,0
DA:34,0
DA:42,0
DA:43,0
DA:44,0
DA:45,0
DA:46,0
DA:49,0
DA:53,0
DA:55,0
DA:59,0
DA:62,0
DA:65,0
DA:66,0
DA:69,0
DA:70,0
DA:74,0
DA:75,0
DA:79,0
LF:28
LH:0
BRDA:43,0,0,0
BRDA:43,0,1,0
BRDA:43,1,0,0
BRDA:43,1,1,0
BRDA:45,2,0,0
BRDA:45,2,1,0
BRDA:55,3,0,0
BRDA:55,3,1,0
BRDA:56,4,0,0
BRDA:56,4,1,0
BRDA:66,5,0,0
BRDA:66,5,1,0
BRDA:66,5,2,0
BRDA:66,5,3,0
BRDA:66,5,4,0
BRF:15
BRH:0
end_of_record
TN:
SF:/home/sams/samsdebian/reimagine-github/coverage/lcov-report/prettify.js
FN:2,(anonymous_0)
FN:2,k
FN:2,ab
FN:2,T
FN:2,X
FN:2,(anonymous_5)
FN:2,W
FN:2,(anonymous_7)
FN:2,a
FN:2,aa
FN:2,B
FN:2,o
FN:2,g
FN:2,(anonymous_13)
FN:2,(anonymous_14)
FN:2,i
FN:2,Q
FN:2,ae
FN:2,ad
FN:2,ai
FN:2,D
FN:2,c
FN:2,q
FN:2,d
FN:2,y
FN:2,b
FN:2,Y
FN:2,(anonymous_27)
FN:2,U
FNF:29
FNH:0
FNDA:0,(anonymous_0)
FNDA:0,k
FNDA:0,ab
FNDA:0,T
FNDA:0,X
FNDA:0,(anonymous_5)
FNDA:0,W
FNDA:0,(anonymous_7)
FNDA:0,a
FNDA:0,aa
FNDA:0,B
FNDA:0,o
FNDA:0,g
FNDA:0,(anonymous_13)
FNDA:0,(anonymous_14)
FNDA:0,i
FNDA:0,Q
FNDA:0,ae
FNDA:0,ad
FNDA:0,ai
FNDA:0,D
FNDA:0,c
FNDA:0,q
FNDA:0,d
FNDA:0,y
FNDA:0,b
FNDA:0,Y
FNDA:0,(anonymous_27)
FNDA:0,U
DA:2,0
LF:1
LH:0
BRDA:2,0,0,0
BRDA:2,0,1,0
BRDA:2,1,0,0
BRDA:2,1,1,0
BRDA:2,2,0,0
BRDA:2,2,1,0
BRDA:2,3,0,0
BRDA:2,3,1,0
BRDA:2,4,0,0
BRDA:2,4,1,0
BRDA:2,5,0,0
BRDA:2,5,1,0
BRDA:2,6,0,0
BRDA:2,6,1,0
BRDA:2,7,0,0
BRDA:2,7,1,0
BRDA:2,8,0,0
BRDA:2,8,1,0
BRDA:2,9,0,0
BRDA:2,9,1,0
BRDA:2,10,0,0
BRDA:2,10,1,0
BRDA:2,11,0,0
BRDA:2,11,1,0
BRDA:2,11,2,0
BRDA:2,11,3,0
BRDA:2,12,0,0
BRDA:2,12,1,0
BRDA:2,13,0,0
BRDA:2,13,1,0
BRDA:2,14,0,0
BRDA:2,14,1,0
BRDA:2,15,0,0
BRDA:2,15,1,0
BRDA:2,16,0,0
BRDA:2,16,1,0
BRDA:2,17,0,0
BRDA:2,17,1,0
BRDA:2,18,0,0
BRDA:2,18,1,0
BRDA:2,19,0,0
BRDA:2,19,1,0
BRDA:2,20,0,0
BRDA:2,20,1,0
BRDA:2,21,0,0
BRDA:2,21,1,0
BRDA:2,22,0,0
BRDA:2,22,1,0
BRDA:2,23,0,0
BRDA:2,23,1,0
BRDA:2,24,0,0
BRDA:2,24,1,0
BRDA:2,25,0,0
BRDA:2,25,1,0
BRDA:2,26,0,0
BRDA:2,26,1,0
BRDA:2,27,0,0
BRDA:2,27,1,0
BRDA:2,28,0,0
BRDA:2,28,1,0
BRDA:2,29,0,0
BRDA:2,29,1,0
BRDA:2,30,0,0
BRDA:2,30,1,0
BRDA:2,31,0,0
BRDA:2,31,1,0
BRDA:2,32,0,0
BRDA:2,32,1,0
BRDA:2,33,0,0
BRDA:2,33,1,0
BRDA:2,34,0,0
BRDA:2,34,1,0
BRDA:2,35,0,0
BRDA:2,35,1,0
BRDA:2,36,0,0
BRDA:2,36,1,0
BRDA:2,37,0,0
BRDA:2,37,1,0
BRDA:2,38,0,0
BRDA:2,38,1,0
BRDA:2,39,0,0
BRDA:2,39,1,0
BRDA:2,40,0,0
BRDA:2,40,1,0
BRDA:2,41,0,0
BRDA:2,41,1,0
BRDA:2,42,0,0
BRDA:2,42,1,0
BRDA:2,43,0,0
BRDA:2,43,1,0
BRDA:2,44,0,0
BRDA:2,44,1,0
BRDA:2,45,0,0
BRDA:2,45,1,0
BRDA:2,46,0,0
BRDA:2,46,1,0
BRDA:2,47,0,0
BRDA:2,47,1,0
BRDA:2,48,0,0
BRDA:2,48,1,0
BRDA:2,49,0,0
BRDA:2,49,1,0
BRDA:2,50,0,0
BRDA:2,50,1,0
BRDA:2,50,2,0
BRDA:2,51,0,0
BRDA:2,51,1,0
BRDA:2,52,0,0
BRDA:2,52,1,0
BRDA:2,53,0,0
BRDA:2,53,1,0
BRDA:2,54,0,0
BRDA:2,54,1,0
BRDA:2,55,0,0
BRDA:2,55,1,0
BRDA:2,56,0,0
BRDA:2,56,1,0
BRDA:2,57,0,0
BRDA:2,57,1,0
BRDA:2,58,0,0
BRDA:2,58,1,0
BRDA:2,59,0,0
BRDA:2,59,1,0
BRDA:2,60,0,0
BRDA:2,60,1,0
BRDA:2,61,0,0
BRDA:2,61,1,0
BRDA:2,62,0,0
BRDA:2,62,1,0
BRDA:2,63,0,0
BRDA:2,63,1,0
BRDA:2,64,0,0
BRDA:2,64,1,0
BRDA:2,65,0,0
BRDA:2,65,1,0
BRDA:2,66,0,0
BRDA:2,66,1,0
BRDA:2,67,0,0
BRDA:2,67,1,0
BRDA:2,68,0,0
BRDA:2,68,1,0
BRDA:2,69,0,0
BRDA:2,69,1,0
BRDA:2,70,0,0
BRDA:2,70,1,0
BRDA:2,71,0,0
BRDA:2,71,1,0
BRDA:2,72,0,0
BRDA:2,72,1,0
BRDA:2,73,0,0
BRDA:2,73,1,0
BRDA:2,74,0,0
BRDA:2,74,1,0
BRDA:2,75,0,0
BRDA:2,75,1,0
BRDA:2,76,0,0
BRDA:2,76,1,0
BRDA:2,77,0,0
BRDA:2,77,1,0
BRDA:2,78,0,0
BRDA:2,78,1,0
BRDA:2,79,0,0
BRDA:2,79,1,0
BRDA:2,80,0,0
BRDA:2,80,1,0
BRDA:2,81,0,0
BRDA:2,81,1,0
BRDA:2,82,0,0
BRDA:2,82,1,0
BRDA:2,83,0,0
BRDA:2,83,1,0
BRDA:2,84,0,0
BRDA:2,84,1,0
BRDA:2,85,0,0
BRDA:2,85,1,0
BRDA:2,86,0,0
BRDA:2,86,1,0
BRDA:2,87,0,0
BRDA:2,87,1,0
BRDA:2,88,0,0
BRDA:2,88,1,0
BRDA:2,89,0,0
BRDA:2,89,1,0
BRDA:2,89,2,0
BRDA:2,90,0,0
BRDA:2,90,1,0
BRDA:2,91,0,0
BRDA:2,91,1,0
BRDA:2,92,0,0
BRDA:2,92,1,0
BRDA:2,93,0,0
BRDA:2,93,1,0
BRDA:2,94,0,0
BRDA:2,94,1,0
BRDA:2,95,0,0
BRDA:2,95,1,0
BRDA:2,96,0,0
BRDA:2,96,1,0
BRDA:2,97,0,0
BRDA:2,97,1,0
BRDA:2,98,0,0
BRDA:2,98,1,0
BRDA:2,99,0,0
BRDA:2,99,1,0
BRDA:2,100,0,0
BRDA:2,100,1,0
BRDA:2,101,0,0
BRDA:2,101,1,0
BRDA:2,102,0,0
BRDA:2,102,1,0
BRDA:2,103,0,0
BRDA:2,103,1,0
BRDA:2,104,0,0
BRDA:2,104,1,0
BRDA:2,105,0,0
BRDA:2,105,1,0
BRDA:2,106,0,0
BRDA:2,106,1,0
BRDA:2,107,0,0
BRDA:2,107,1,0
BRDA:2,108,0,0
BRDA:2,108,1,0
BRDA:2,109,0,0
BRDA:2,109,1,0
BRDA:2,110,0,0
BRDA:2,110,1,0
BRDA:2,111,0,0
BRDA:2,111,1,0
BRDA:2,112,0,0
BRDA:2,112,1,0
BRDA:2,113,0,0
BRDA:2,113,1,0
BRDA:2,114,0,0
BRDA:2,114,1,0
BRDA:2,115,0,0
BRDA:2,115,1,0
BRDA:2,116,0,0
BRDA:2,116,1,0
BRDA:2,117,0,0
BRDA:2,117,1,0
BRDA:2,118,0,0
BRDA:2,118,1,0
BRDA:2,119,0,0
BRDA:2,119,1,0
BRDA:2,120,0,0
BRDA:2,120,1,0
BRDA:2,121,0,0
BRDA:2,121,1,0
BRDA:2,122,0,0
BRDA:2,122,1,0
BRDA:2,123,0,0
BRDA:2,123,1,0
BRDA:2,124,0,0
BRDA:2,124,1,0
BRDA:2,125,0,0
BRDA:2,125,1,0
BRDA:2,126,0,0
BRDA:2,126,1,0
BRDA:2,127,0,0
BRDA:2,127,1,0
BRDA:2,128,0,0
BRDA:2,128,1,0
BRDA:2,128,2,0
BRDA:2,129,0,0
BRDA:2,129,1,0
BRDA:2,130,0,0
BRDA:2,130,1,0
BRDA:2,131,0,0
BRDA:2,131,1,0
BRDA:2,131,2,0
BRDA:2,131,3,0
BRDA:2,131,4,0
BRDA:2,132,0,0
BRDA:2,132,1,0
BRDA:2,133,0,0
BRDA:2,133,1,0
BRDA:2,134,0,0
BRDA:2,134,1,0
BRDA:2,135,0,0
BRDA:2,135,1,0
BRDA:2,136,0,0
BRDA:2,136,1,0
BRDA:2,137,0,0
BRDA:2,137,1,0
BRDA:2,138,0,0
BRDA:2,138,1,0
BRF:286
BRH:0
end_of_record
TN:
SF:/home/sams/samsdebian/reimagine-github/coverage/lcov-report/sorter.js
FN:2,(anonymous_0)
FN:11,getTable
FN:15,getTableHeader
FN:19,getTableBody
FN:23,getNthColumn
FN:28,loadColumns
FN:53,loadRowData
FN:72,loadData
FN:81,sortByIndex
FN:83,(anonymous_9)
FN:95,(anonymous_10)
FN:112,removeSortIndicators
FN:120,addSortIndicators
FN:126,enableUI
FN:129,ithSorter
FN:132,(anonymous_15)
FN:159,(anonymous_16)
FNF:17
FNH:0
FNDA:0,(anonymous_0)
FNDA:0,getTable
FNDA:0,getTableHeader
FNDA:0,getTableBody
FNDA:0,getNthColumn
FNDA:0,loadColumns
FNDA:0,loadRowData
FNDA:0,loadData
FNDA:0,sortByIndex
FNDA:0,(anonymous_9)
FNDA:0,(anonymous_10)
FNDA:0,removeSortIndicators
FNDA:0,addSortIndicators
FNDA:0,enableUI
FNDA:0,ithSorter
FNDA:0,(anonymous_15)
FNDA:0,(anonymous_16)
DA:2,0
DA:5,0
DA:12,0
DA:16,0
DA:20,0
DA:24,0
DA:29,0
DA:31,0
DA:35,0
DA:36,0
DA:37,0
DA:42,0
DA:43,0
DA:44,0
DA:45,0
DA:49,0
DA:54,0
DA:57,0
DA:60,0
DA:61,0
DA:62,0
DA:63,0
DA:64,0
DA:65,0
DA:67,0
DA:69,0
DA:73,0
DA:76,0
DA:77,0
DA:82,0
DA:83,0
DA:84,0
DA:85,0
DA:86,0
DA:88,0
DA:89,0
DA:90,0
DA:91,0
DA:94,0
DA:95,0
DA:96,0
DA:100,0
DA:101,0
DA:102,0
DA:105,0
DA:107,0
DA:108,0
DA:113,0
DA:114,0
DA:116,0
DA:117,0
DA:121,0
DA:129,0
DA:130,0
DA:132,0
DA:133,0
DA:135,0
DA:136,0
DA:138,0
DA:139,0
DA:140,0
DA:141,0
DA:142,0
DA:145,0
DA:146,0
DA:149,0
DA:150,0
DA:151,0
DA:153,0
DA:159,0
DA:160,0
DA:161,0
DA:163,0
DA:164,0
DA:165,0
DA:166,0
DA:170,0
LF:77
LH:0
BRDA:40,0,0,0
BRDA:40,0,1,0
BRDA:43,1,0,0
BRDA:43,1,1,0
BRDA:64,2,0,0
BRDA:64,2,1,0
BRDA:86,3,0,0
BRDA:86,3,1,0
BRDA:86,4,0,0
BRDA:86,4,1,0
BRDA:94,5,0,0
BRDA:94,5,1,0
BRDA:121,6,0,0
BRDA:121,6,1,0
BRDA:135,7,0,0
BRDA:135,7,1,0
BRDA:146,8,0,0
BRDA:146,8,1,0
BRDA:150,9,0,0
BRDA:150,9,1,0
BRDA:160,10,0,0
BRDA:160,10,1,0
BRF:22
BRH:0
end_of_record
TN:
SF:/home/sams/samsdebian/reimagine-github/dist/js/app.6a84b161.js
FN:1,(anonymous_0)
FN:1,t
FN:1,r
FN:1,o
FN:1,(anonymous_4)
FN:1,(anonymous_5)
FN:1,(anonymous_6)
FN:1,(anonymous_7)
FN:1,(anonymous_8)
FN:1,(anonymous_9)
FN:1,(anonymous_10)
FN:1,(anonymous_11)
FN:1,(anonymous_12)
FN:1,(anonymous_13)
FN:1,(anonymous_14)
FN:1,(anonymous_15)
FN:1,(anonymous_16)
FN:1,(anonymous_17)
FN:1,(anonymous_18)
FN:1,(anonymous_19)
FN:1,(anonymous_20)
FN:1,(anonymous_21)
FN:1,(anonymous_22)
FN:1,(anonymous_23)
FN:1,(anonymous_24)
FN:1,(anonymous_25)
FN:1,(anonymous_26)
FN:1,(anonymous_27)
FN:1,(anonymous_28)
FN:1,(anonymous_29)
FN:1,(anonymous_30)
FN:1,(anonymous_31)
FN:1,(anonymous_32)
FN:1,(anonymous_33)
FN:1,(anonymous_34)
FN:1,(anonymous_35)
FN:1,(anonymous_36)
FN:1,(anonymous_37)
FN:1,(anonymous_38)
FN:1,(anonymous_39)
FN:1,(anonymous_40)
FN:1,(anonymous_41)
FN:1,(anonymous_42)
FN:1,(anonymous_43)
FN:1,(anonymous_44)
FN:1,(anonymous_45)
FN:1,(anonymous_46)
FN:1,(anonymous_47)
FN:1,(anonymous_48)
FN:1,(anonymous_49)
FN:1,(anonymous_50)
FN:1,(anonymous_51)
FN:1,(anonymous_52)
FN:1,(anonymous_53)
FNF:54
FNH:0
FNDA:0,(anonymous_0)
FNDA:0,t
FNDA:0,r
FNDA:0,o
FNDA:0,(anonymous_4)
FNDA:0,(anonymous_5)
FNDA:0,(anonymous_6)
FNDA:0,(anonymous_7)
FNDA:0,(anonymous_8)
FNDA:0,(anonymous_9)
FNDA:0,(anonymous_10)
FNDA:0,(anonymous_11)
FNDA:0,(anonymous_12)
FNDA:0,(anonymous_13)
FNDA:0,(anonymous_14)
FNDA:0,(anonymous_15)
FNDA:0,(anonymous_16)
FNDA:0,(anonymous_17)
FNDA:0,(anonymous_18)
FNDA:0,(anonymous_19)
FNDA:0,(anonymous_20)
FNDA:0,(anonymous_21)
FNDA:0,(anonymous_22)
FNDA:0,(anonymous_23)
FNDA:0,(anonymous_24)
FNDA:0,(anonymous_25)
FNDA:0,(anonymous_26)
FNDA:0,(anonymous_27)
FNDA:0,(anonymous_28)
FNDA:0,(anonymous_29)
FNDA:0,(anonymous_30)
FNDA:0,(anonymous_31)
FNDA:0,(anonymous_32)
FNDA:0,(anonymous_33)
FNDA:0,(anonymous_34)
FNDA:0,(anonymous_35)
FNDA:0,(anonymous_36)
FNDA:0,(anonymous_37)
FNDA:0,(anonymous_38)
FNDA:0,(anonymous_39)
FNDA:0,(anonymous_40)
FNDA:0,(anonymous_41)
FNDA:0,(anonymous_42)
FNDA:0,(anonymous_43)
FNDA:0,(anonymous_44)
FNDA:0,(anonymous_45)
FNDA:0,(anonymous_46)
FNDA:0,(anonymous_47)
FNDA:0,(anonymous_48)
FNDA:0,(anonymous_49)
FNDA:0,(anonymous_50)
FNDA:0,(anonymous_51)
FNDA:0,(anonymous_52)
FNDA:0,(anonymous_53)
DA:1,0
LF:1
LH:0
BRDA:1,0,0,0
BRDA:1,0,1,0
BRDA:1,0,2,0
BRDA:1,1,0,0
BRDA:1,1,1,0
BRDA:1,2,0,0
BRDA:1,2,1,0
BRDA:1,3,0,0
BRDA:1,3,1,0
BRDA:1,4,0,0
BRDA:1,4,1,0
BRDA:1,5,0,0
BRDA:1,5,1,0
BRDA:1,6,0,0
BRDA:1,6,1,0
BRDA:1,7,0,0
BRDA:1,7,1,0
BRDA:1,8,0,0
BRDA:1,8,1,0
BRDA:1,8,2,0
BRDA:1,9,0,0
BRDA:1,9,1,0
BRDA:1,10,0,0
BRDA:1,10,1,0
BRDA:1,11,0,0
BRDA:1,11,1,0
BRDA:1,12,0,0
BRDA:1,12,1,0
BRDA:1,12,2,0
BRDA:1,12,3,0
BRDA:1,13,0,0
BRDA:1,13,1,0
BRDA:1,14,0,0
BRDA:1,14,1,0
BRDA:1,15,0,0
BRDA:1,15,1,0
BRDA:1,16,0,0
BRDA:1,16,1,0
BRDA:1,17,0,0
BRDA:1,17,1,0
BRDA:1,18,0,0
BRDA:1,18,1,0
BRDA:1,19,0,0
BRDA:1,19,1,0
BRDA:1,20,0,0
BRDA:1,20,1,0
BRDA:1,21,0,0
BRDA:1,21,1,0
BRDA:1,22,0,0
BRDA:1,22,1,0
BRDA:1,23,0,0
BRDA:1,23,1,0
BRDA:1,24,0,0
BRDA:1,24,1,0
BRDA:1,25,0,0
BRDA:1,25,1,0
BRDA:1,26,0,0
BRDA:1,26,1,0
BRDA:1,27,0,0
BRDA:1,27,1,0
BRDA:1,28,0,0
BRDA:1,28,1,0
BRDA:1,29,0,0
BRDA:1,29,1,0
BRDA:1,30,0,0
BRDA:1,30,1,0
BRDA:1,31,0,0
BRDA:1,31,1,0
BRDA:1,32,0,0
BRDA:1,32,1,0
BRDA:1,33,0,0
BRDA:1,33,1,0
BRDA:1,34,0,0
BRDA:1,34,1,0
BRDA:1,35,0,0
BRDA:1,35,1,0
BRF:76
BRH:0
end_of_record
TN:
SF:/home/sams/samsdebian/reimagine-github/dist/js/chunk-vendors.498f6486.js
FN:1,(anonymous_0)
FN:1,n
FN:1,o
FN:1,a
FN:1,s
FN:1,(anonymous_5)
FN:1,(anonymous_6)
FN:1,u
FN:1,c
FN:1,l
FN:1,g
FN:1,v
FN:1,y
FN:1,(anonymous_13)
FN:1,k
FN:1,x
FN:1,C
FN:1,S
FN:1,E
FN:1,O
FN:1,D
FN:1,z
FN:1,(anonymous_22)
FN:1,(anonymous_23)
FN:1,(anonymous_24)
FN:1,(anonymous_25)
FN:1,(anonymous_26)
FN:1,(anonymous_27)
FN:1,(anonymous_28)
FN:1,(anonymous_29)
FN:1,(anonymous_30)
FN:1,(anonymous_31)
FN:1,(anonymous_32)
FN:1,(anonymous_33)
FN:1,(anonymous_34)
FN:1,(anonymous_35)
FN:1,m
FN:1,v
FN:1,y
FN:1,b
FN:1,(anonymous_40)
FN:1,(anonymous_41)
FN:1,(anonymous_42)
FN:1,(anonymous_43)
FN:1,(anonymous_44)
FN:1,(anonymous_45)
FN:1,(anonymous_46)
FN:1,(anonymous_47)
FN:1,(anonymous_48)
FN:1,(anonymous_49)
FN:1,(anonymous_50)
FN:1,(anonymous_51)
FN:1,(anonymous_52)
FN:1,(anonymous_53)
FN:1,(anonymous_54)
FN:1,n
FN:1,(anonymous_56)
FN:1,(anonymous_57)
FN:1,(anonymous_58)
FN:1,(anonymous_59)
FN:1,(anonymous_60)
FN:1,(anonymous_61)
FN:1,s
FN:1,(anonymous_63)
FN:1,(anonymous_64)
FN:1,(anonymous_65)
FN:1,(anonymous_66)
FN:1,(anonymous_67)
FN:1,(anonymous_68)
FN:1,u
FN:1,(anonymous_70)
FN:1,(anonymous_71)
FN:1,(anonymous_72)
FN:1,(anonymous_73)
FN:1,(anonymous_74)
FN:1,(anonymous_75)
FN:1,(anonymous_76)
FN:1,(anonymous_77)
FN:1,(anonymous_78)
FN:1,(anonymous_79)
FN:1,(anonymous_80)
FN:1,(anonymous_81)
FN:1,(anonymous_82)
FN:1,(anonymous_83)
FN:1,(anonymous_84)
FN:1,(anonymous_85)
FN:1,(anonymous_86)
FN:1,(anonymous_87)
FN:1,(anonymous_88)
FN:1,(anonymous_89)
FN:1,(anonymous_90)
FN:1,(anonymous_91)
FN:1,i
FN:1,a
FN:1,s
FN:1,(anonymous_95)
FN:1,(anonymous_96)
FN:1,(anonymous_97)
FN:1,(anonymous_98)
FN:1,(anonymous_99)
FN:1,(anonymous_100)
FN:1,(anonymous_101)
FN:1,(anonymous_102)
FN:1,(anonymous_103)
FN:1,(anonymous_104)
FN:1,r
FN:1,(anonymous_106)
FN:1,r
FN:1,(anonymous_108)
FN:1,(anonymous_109)
FN:1,(anonymous_110)
FN:1,(anonymous_111)
FN:1,(anonymous_112)
FN:1,(anonymous_113)
FN:1,(anonymous_114)
FN:1,A
FN:1,C
FN:1,S
FN:1,E
FN:1,T
FN:1,(anonymous_120)
FN:1,O
FN:1,D
FN:1,z
FN:1,R
FN:1,q
FN:1,L
FN:1,(anonymous_127)
FN:1,M
FN:1,(anonymous_129)
FN:1,(anonymous_130)
FN:1,(anonymous_131)
FN:1,(anonymous_132)
FN:1,(anonymous_133)
FN:1,(anonymous_134)
FN:1,(anonymous_135)
FN:1,(anonymous_136)
FN:1,(anonymous_137)
FN:1,(anonymous_138)
FN:1,(anonymous_139)
FN:1,(anonymous_140)
FN:1,(anonymous_141)
FN:1,(anonymous_142)
FN:1,(anonymous_143)
FN:1,(anonymous_144)
FN:1,(anonymous_145)
FN:1,(anonymous_146)
FN:1,(anonymous_147)
FN:1,(anonymous_148)
FN:1,(anonymous_149)
FN:1,(anonymous_150)
FN:1,(anonymous_151)
FN:1,(anonymous_152)
FN:1,(anonymous_153)
FN:1,(anonymous_154)
FN:1,(anonymous_155)
FN:1,(anonymous_156)
FN:1,(anonymous_157)
FN:1,(anonymous_158)
FN:1,c
FN:1,l
FN:1,f
FN:1,p
FN:1,h
FN:1,d
FN:1,m
FN:1,(anonymous_166)
FN:1,(anonymous_167)
FN:1,(anonymous_168)
FN:1,(anonymous_169)
FN:1,(anonymous_170)
FN:1,(anonymous_171)
FN:1,(anonymous_172)
FN:1,(anonymous_173)
FN:1,(anonymous_174)
FN:1,(anonymous_175)
FN:1,(anonymous_176)
FN:1,(anonymous_177)
FN:1,(anonymous_178)
FN:1,(anonymous_179)
FN:1,(anonymous_180)
FN:1,(anonymous_181)
FN:1,a
FN:1,s
FN:1,(anonymous_184)
FN:1,(anonymous_185)
FN:1,(anonymous_186)
FN:1,(anonymous_187)
FN:1,(anonymous_188)
FN:1,(anonymous_189)
FN:1,(anonymous_190)
FN:1,(anonymous_191)
FN:1,(anonymous_192)
FN:1,(anonymous_193)
FN:1,(anonymous_194)
FN:1,(anonymous_195)
FN:1,(anonymous_196)
FN:1,(anonymous_197)
FN:1,(anonymous_198)
FN:1,(anonymous_199)
FN:1,(anonymous_200)
FN:1,(anonymous_201)
FN:1,(anonymous_202)
FN:1,(anonymous_203)
FN:1,(anonymous_204)
FN:1,(anonymous_205)
FN:1,(anonymous_206)
FN:1,(anonymous_207)
FN:1,(anonymous_208)
FN:1,(anonymous_209)
FN:1,(anonymous_210)
FN:1,(anonymous_211)
FN:1,(anonymous_212)
FN:1,(anonymous_213)
FN:1,(anonymous_214)
FN:1,(anonymous_215)
FN:1,(anonymous_216)
FN:1,(anonymous_217)
FN:1,(anonymous_218)
FN:1,(anonymous_219)
FN:1,(anonymous_220)
FN:1,(anonymous_221)
FN:1,(anonymous_222)
FN:1,(anonymous_223)
FN:1,(anonymous_224)
FN:1,(anonymous_225)
FN:1,(anonymous_226)
FN:1,(anonymous_227)
FN:1,(anonymous_228)
FN:1,(anonymous_229)
FN:1,n
FN:1,(anonymous_231)
FN:1,(anonymous_232)
FN:1,(anonymous_233)
FN:1,(anonymous_234)
FN:1,(anonymous_235)
FN:1,(anonymous_236)
FN:1,(anonymous_237)
FN:1,(anonymous_238)
FN:7,n
FN:7,o
FN:7,i
FN:7,a
FN:7,s
FN:7,u
FN:7,l
FN:7,f
FN:7,p
FN:7,h
FN:7,d
FN:7,m
FN:7,g
FN:7,(anonymous_252)
FN:7,(anonymous_253)
FN:7,y
FN:7,_
FN:7,w
FN:7,(anonymous_257)
FN:7,(anonymous_258)
FN:7,(anonymous_259)
FN:7,(anonymous_260)
FN:7,(anonymous_261)
FN:7,E
FN:7,r
FN:7,T
FN:7,D
FN:7,z
FN:7,R
FN:7,q
FN:7,(anonymous_269)
FN:7,(anonymous_270)
FN:7,j
FN:7,(anonymous_272)
FN:7,(anonymous_273)
FN:7,P
FN:7,I
FN:7,(anonymous_276)
FN:7,V
FN:7,H
FN:7,Y
FN:7,(anonymous_280)
FN:7,(anonymous_281)
FN:7,(anonymous_282)
FN:7,le
FN:7,(anonymous_284)
FN:7,e
FN:7,(anonymous_286)
FN:7,(anonymous_287)
FN:7,(anonymous_288)
FN:7,(anonymous_289)
FN:7,(anonymous_290)
FN:7,(anonymous_291)
FN:7,(anonymous_292)
FN:7,(anonymous_293)
FN:7,ve
FN:7,ye
FN:7,(anonymous_296)
FN:7,(anonymous_297)
FN:7,(anonymous_298)
FN:7,ke
FN:7,xe
FN:7,(anonymous_301)
FN:7,(anonymous_302)
FN:7,Oe
FN:7,(anonymous_304)
FN:7,ze
FN:7,Re
FN:7,qe
FN:7,Le
FN:7,(anonymous_309)
FN:7,(anonymous_310)
FN:7,Me
FN:7,je
FN:7,Pe
FN:7,(anonymous_314)
FN:7,(anonymous_315)
FN:7,Fe
FN:7,Ne
FN:7,(anonymous_318)
FN:7,(anonymous_319)
FN:7,Be
FN:7,$e
FN:7,Ue
FN:7,(anonymous_323)
FN:7,(anonymous_324)
FN:7,(anonymous_325)
FN:7,(anonymous_326)
FN:7,(anonymous_327)
FN:7,(anonymous_328)
FN:7,He
FN:7,Ge
FN:7,Ye
FN:7,Ze
FN:7,s
FN:7,Xe
FN:7,We
FN:7,Ke
FN:7,Je
FN:7,Qe
FN:7,et
FN:7,tt
FN:7,rt
FN:7,(anonymous_342)
FN:7,nt
FN:7,ot
FN:7,ct
FN:7,(anonymous_346)
FN:7,(anonymous_347)
FN:7,(anonymous_348)
FN:7,(anonymous_349)
FN:7,dt
FN:7,(anonymous_351)
FN:7,(anonymous_352)
FN:7,gt
FN:7,vt
FN:7,(anonymous_355)
FN:7,bt
FN:7,r
FN:7,_t
FN:7,wt
FN:7,u
FN:7,kt
FN:7,xt
FN:7,At
FN:7,Ct
FN:7,St
FN:7,Et
FN:7,Tt
FN:7,Ot
FN:7,(anonymous_369)
FN:7,Dt
FN:7,zt
FN:7,Rt
FN:7,qt
FN:7,Lt
FN:7,(anonymous_375)
FN:7,Mt
FN:7,(anonymous_377)
FN:7,jt
FN:7,Pt
FN:7,It
FN:7,Ft
FN:7,Nt
FN:7,Bt
FN:7,(anonymous_384)
FN:7,(anonymous_385)
FN:7,$t
FN:7,Ut
FN:7,Vt
FN:7,Ht
FN:7,Gt
FN:7,Yt
FN:7,Zt
FN:7,Xt
FN:7,Wt
FN:7,Kt
FN:7,(anonymous_396)
FN:7,(anonymous_397)
FN:7,(anonymous_398)
FN:7,(anonymous_399)
FN:7,Jt
FN:7,Qt
FN:7,er
FN:7,(anonymous_403)
FN:7,(anonymous_404)
FN:7,(anonymous_405)
FN:7,(anonymous_406)
FN:7,nr
FN:7,or
FN:7,ir
FN:7,ar
FN:7,(anonymous_411)
FN:7,sr
FN:7,lr
FN:7,fr
FN:7,pr
FN:7,hr
FN:7,dr
FN:7,(anonymous_418)
FN:7,(anonymous_419)
FN:7,vr
FN:7,(anonymous_421)
FN:7,(anonymous_422)
FN:7,yr
FN:7,br
FN:7,_r
FN:7,(anonymous_426)
FN:7,(anonymous_427)
FN:7,(anonymous_428)
FN:7,(anonymous_429)
FN:7,(anonymous_430)
FN:7,(anonymous_431)
FN:7,wr
FN:7,kr
FN:7,xr
FN:7,Ar
FN:7,Cr
FN:7,Sr
FN:7,n
FN:7,Er
FN:7,Tr
FN:7,(anonymous_441)
FN:7,(anonymous_442)
FN:7,n
FN:7,(anonymous_444)
FN:7,(anonymous_445)
FN:7,Dr
FN:7,(anonymous_447)
FN:7,zr
FN:7,Rr
FN:7,(anonymous_450)
FN:7,(anonymous_451)
FN:7,(anonymous_452)
FN:7,qr
FN:7,(anonymous_454)
FN:7,(anonymous_455)
FN:7,Lr
FN:7,Mr
FN:7,jr
FN:7,Pr
FN:7,Ir
FN:7,Hr
FN:7,(anonymous_462)
FN:7,Xr
FN:7,(anonymous_464)
FN:7,Wr
FN:7,Kr
FN:7,Jr
FN:7,Qr
FN:7,(anonymous_469)
FN:7,(anonymous_470)
FN:7,(anonymous_471)
FN:7,(anonymous_472)
FN:7,(anonymous_473)
FN:7,(anonymous_474)
FN:7,(anonymous_475)
FN:7,(anonymous_476)
FN:7,(anonymous_477)
FN:7,nn
FN:7,(anonymous_479)
FN:7,(anonymous_480)
FN:7,on
FN:7,an
FN:7,(anonymous_483)
FN:7,sn
FN:7,un
FN:7,ln
FN:7,fn
FN:7,pn
FN:7,(anonymous_489)
FN:7,hn
FN:7,(anonymous_491)
FN:7,dn
FN:7,mn
FN:7,gn
FN:7,vn
FN:7,(anonymous_496)
FN:7,(anonymous_497)
FN:7,(anonymous_498)
FN:7,(anonymous_499)
FN:7,bn
FN:7,(anonymous_501)
FN:7,_n
FN:7,wn
FN:7,kn
FN:7,xn
FN:7,An
FN:7,(anonymous_507)
FN:7,Cn
FN:7,(anonymous_509)
FN:7,Sn
FN:7,(anonymous_511)
FN:7,(anonymous_512)
FN:7,(anonymous_513)
FN:7,En
FN:7,Tn
FN:7,On
FN:7,(anonymous_517)
FN:7,(anonymous_518)
FN:7,Dn
FN:7,zn
FN:7,Rn
FN:7,qn
FN:7,(anonymous_523)
FN:7,(anonymous_524)
FN:7,(anonymous_525)
FN:7,(anonymous_526)
FN:7,(anonymous_527)
FN:7,(anonymous_528)
FN:7,(anonymous_529)
FN:7,(anonymous_530)
FN:7,Pn
FN:7,(anonymous_532)
FN:7,(anonymous_533)
FN:7,(anonymous_534)
FN:7,(anonymous_535)
FN:7,(anonymous_536)
FN:7,(anonymous_537)
FN:7,(anonymous_538)
FN:7,(anonymous_539)
FN:7,(anonymous_540)
FN:7,Xn
FN:7,Wn
FN:7,Kn
FN:7,Jn
FN:7,Qn
FN:7,eo
FN:7,to
FN:7,(anonymous_548)
FN:7,ao
FN:7,uo
FN:7,lo
FN:7,fo
FN:7,po
FN:7,ho
FN:7,mo
FN:7,go
FN:7,vo
FN:7,yo
FN:7,bo
FN:7,_o
FN:7,wo
FN:7,ko
FN:7,xo
FN:7,(anonymous_564)
FN:7,(anonymous_565)
FN:7,(anonymous_566)
FN:7,So
FN:7,Oo
FN:7,Do
FN:7,zo
FN:7,Ro
FN:7,l
FN:7,f
FN:7,r
FN:7,p
FN:7,h
FN:7,d
FN:7,m
FN:7,v
FN:7,y
FN:7,b
FN:7,_
FN:7,w
FN:7,k
FN:7,x
FN:7,A
FN:7,C
FN:7,S
FN:7,E
FN:7,T
FN:7,O
FN:7,D
FN:7,R
FN:7,(anonymous_594)
FN:7,(anonymous_595)
FN:7,Lo
FN:7,Mo
FN:7,(anonymous_598)
FN:7,(anonymous_599)
FN:7,Po
FN:7,Io
FN:7,Fo
FN:7,Bo
FN:7,$o
FN:7,Uo
FN:7,(anonymous_606)
FN:7,Ho
FN:7,Wo
FN:7,Ko
FN:7,o
FN:7,Qo
FN:7,(anonymous_612)
FN:7,ei
FN:7,ti
FN:7,oi
FN:7,ii
FN:7,ai
FN:7,si
FN:7,(anonymous_619)
FN:7,(anonymous_620)
FN:7,li
FN:7,fi
FN:7,pi
FN:7,(anonymous_624)
FN:7,(anonymous_625)
FN:7,bi
FN:7,ki
FN:7,(anonymous_628)
FN:7,xi
FN:7,(anonymous_630)
FN:7,Ai
FN:7,(anonymous_632)
FN:7,(anonymous_633)
FN:7,Li
FN:7,(anonymous_635)
FN:7,Mi
FN:7,ji
FN:7,Pi
FN:7,(anonymous_639)
FN:7,(anonymous_640)
FN:7,(anonymous_641)
FN:7,Fi
FN:7,Ni
FN:7,(anonymous_644)
FN:7,Bi
FN:7,$i
FN:7,(anonymous_647)
FN:7,(anonymous_648)
FN:7,(anonymous_649)
FN:7,Ui
FN:7,(anonymous_651)
FN:7,x
FN:7,(anonymous_653)
FN:7,Vi
FN:7,Hi
FN:7,Gi
FN:7,(anonymous_657)
FN:7,(anonymous_658)
FN:7,(anonymous_659)
FN:7,(anonymous_660)
FN:7,(anonymous_661)
FN:7,(anonymous_662)
FN:7,(anonymous_663)
FN:7,Ji
FN:7,(anonymous_665)
FN:7,Qi
FN:7,ea
FN:7,(anonymous_668)
FN:7,ta
FN:7,ra
FN:7,na
FN:7,oa
FN:7,ia
FN:7,(anonymous_674)
FN:7,(anonymous_675)
FN:7,(anonymous_676)
FN:7,(anonymous_677)
FN:7,(anonymous_678)
FN:7,(anonymous_679)
FN:7,ca
FN:7,la
FN:7,fa
FN:7,pa
FN:7,ha
FN:7,(anonymous_685)
FN:7,(anonymous_686)
FN:7,(anonymous_687)
FN:7,(anonymous_688)
FN:7,(anonymous_689)
FN:7,(anonymous_690)
FN:7,(anonymous_691)
FN:7,(anonymous_692)
FN:7,(anonymous_693)
FN:7,(anonymous_694)
FN:7,(anonymous_695)
FN:7,e
FN:7,(anonymous_697)
FN:7,(anonymous_698)
FN:7,ba
FN:7,_a
FN:7,wa
FN:7,(anonymous_702)
FN:7,(anonymous_703)
FN:7,(anonymous_704)
FN:7,(anonymous_705)
FN:7,(anonymous_706)
FN:7,v
FN:7,y
FN:7,b
FN:7,_
FN:7,w
FN:7,(anonymous_712)
FN:7,(anonymous_713)
FN:7,(anonymous_714)
FN:7,(anonymous_715)
FN:7,(anonymous_716)
FN:7,(anonymous_717)
FN:7,(anonymous_718)
FN:7,(anonymous_719)
FN:7,(anonymous_720)
FN:7,(anonymous_721)
FN:7,(anonymous_722)
FN:7,(anonymous_723)
FN:7,(anonymous_724)
FN:7,(anonymous_725)
FN:7,(anonymous_726)
FN:7,e
FN:7,(anonymous_728)
FN:7,(anonymous_729)
FN:7,(anonymous_730)
FN:7,(anonymous_731)
FN:7,(anonymous_732)
FN:7,(anonymous_733)
FN:7,O
FN:7,D
FN:7,z
FN:7,R
FN:7,(anonymous_738)
FN:7,(anonymous_739)
FN:7,(anonymous_740)
FN:7,(anonymous_741)
FN:7,(anonymous_742)
FN:7,(anonymous_743)
FN:7,(anonymous_744)
FN:7,(anonymous_745)
FN:7,(anonymous_746)
FN:7,(anonymous_747)
FN:7,(anonymous_748)
FN:7,(anonymous_749)
FN:7,(anonymous_750)
FN:7,(anonymous_751)
FN:7,(anonymous_752)
FN:7,(anonymous_753)
FN:7,(anonymous_754)
FN:7,(anonymous_755)
FN:7,(anonymous_756)
FN:7,(anonymous_757)
FN:7,(anonymous_758)
FN:7,(anonymous_759)
FN:7,(anonymous_760)
FN:7,o
FN:7,(anonymous_762)
FN:7,(anonymous_763)
FN:7,(anonymous_764)
FN:7,(anonymous_765)
FN:7,(anonymous_766)
FN:7,(anonymous_767)
FN:7,(anonymous_768)
FN:7,a
FN:7,s
FN:7,(anonymous_771)
FN:7,(anonymous_772)
FN:7,u
FN:7,c
FN:7,l
FN:7,f
FN:7,p
FN:7,(anonymous_778)
FN:7,(anonymous_779)
FN:7,h
FN:7,(anonymous_781)
FN:7,(anonymous_782)
FN:7,(anonymous_783)
FN:7,(anonymous_784)
FN:7,(anonymous_785)
FN:7,(anonymous_786)
FN:7,e
FN:7,(anonymous_788)
FN:7,(anonymous_789)
FN:7,(anonymous_790)
FN:7,S
FN:7,(anonymous_792)
FN:7,(anonymous_793)
FN:7,(anonymous_794)
FN:7,(anonymous_795)
FN:7,(anonymous_796)
FN:7,(anonymous_797)
FN:7,(anonymous_798)
FN:7,(anonymous_799)
FN:7,(anonymous_800)
FN:7,(anonymous_801)
FN:7,(anonymous_802)
FN:7,(anonymous_803)
FN:7,(anonymous_804)
FN:7,(anonymous_805)
FN:7,(anonymous_806)
FN:7,(anonymous_807)
FN:7,(anonymous_808)
FN:7,(anonymous_809)
FN:7,(anonymous_810)
FN:7,(anonymous_811)
FN:7,(anonymous_812)
FN:7,(anonymous_813)
FN:7,(anonymous_814)
FN:7,(anonymous_815)
FN:7,n
FN:7,(anonymous_817)
FN:7,(anonymous_818)
FN:7,(anonymous_819)
FN:7,(anonymous_820)
FN:7,(anonymous_821)
FN:7,(anonymous_822)
FN:7,(anonymous_823)
FN:7,(anonymous_824)
FN:7,o
FN:7,(anonymous_826)
FN:7,(anonymous_827)
FN:7,(anonymous_828)
FN:7,(anonymous_829)
FN:7,(anonymous_830)
FN:7,(anonymous_831)
FN:7,(anonymous_832)
FN:7,(anonymous_833)
FN:7,(anonymous_834)
FN:7,(anonymous_835)
FN:7,(anonymous_836)
FN:7,(anonymous_837)
FN:7,(anonymous_838)
FN:7,(anonymous_839)
FN:7,(anonymous_840)
FN:7,(anonymous_841)
FN:7,(anonymous_842)
FN:7,(anonymous_843)
FN:7,(anonymous_844)
FN:7,(anonymous_845)
FN:7,(anonymous_846)
FN:7,(anonymous_847)
FN:7,(anonymous_848)
FN:7,(anonymous_849)
FN:7,(anonymous_850)
FN:7,(anonymous_851)
FN:7,(anonymous_852)
FN:7,(anonymous_853)
FN:7,(anonymous_854)
FN:7,(anonymous_855)
FN:7,(anonymous_856)
FN:7,(anonymous_857)
FN:7,(anonymous_858)
FN:7,(anonymous_859)
FN:7,(anonymous_860)
FN:7,(anonymous_861)
FN:7,(anonymous_862)
FN:7,(anonymous_863)
FN:7,(anonymous_864)
FN:7,(anonymous_865)
FN:7,(anonymous_866)
FN:7,(anonymous_867)
FN:7,(anonymous_868)
FN:7,(anonymous_869)
FN:7,(anonymous_870)
FN:7,n
FN:7,(anonymous_872)
FN:7,(anonymous_873)
FN:7,(anonymous_874)
FN:7,(anonymous_875)
FN:7,(anonymous_876)
FN:7,(anonymous_877)
FN:7,(anonymous_878)
FN:7,(anonymous_879)
FN:7,(anonymous_880)
FN:7,(anonymous_881)
FN:7,(anonymous_882)
FN:7,(anonymous_883)
FN:7,(anonymous_884)
FN:7,(anonymous_885)
FN:7,(anonymous_886)
FN:7,(anonymous_887)
FN:7,(anonymous_888)
FN:7,(anonymous_889)
FN:7,(anonymous_890)
FN:7,u
FN:7,(anonymous_892)
FN:7,(anonymous_893)
FN:7,(anonymous_894)
FN:7,(anonymous_895)
FN:7,(anonymous_896)
FN:7,(anonymous_897)
FN:7,(anonymous_898)
FN:7,(anonymous_899)
FN:7,(anonymous_900)
FN:7,(anonymous_901)
FN:7,(anonymous_902)
FN:7,(anonymous_903)
FN:7,o
FN:7,i
FN:7,a
FN:7,(anonymous_907)
FN:7,(anonymous_908)
FN:7,(anonymous_909)
FN:7,(anonymous_910)
FN:7,(anonymous_911)
FN:7,t
FN:7,r
FN:7,(anonymous_914)
FN:7,(anonymous_915)
FN:7,(anonymous_916)
FN:7,a
FN:7,(anonymous_918)
FN:7,(anonymous_919)
FN:7,(anonymous_920)
FN:7,(anonymous_921)
FN:7,(anonymous_922)
FN:7,(anonymous_923)
FN:7,(anonymous_924)
FN:7,(anonymous_925)
FN:7,(anonymous_926)
FN:7,(anonymous_927)
FN:7,o
FN:7,i
FN:7,(anonymous_930)
FN:7,(anonymous_931)
FN:7,(anonymous_932)
FN:7,(anonymous_933)
FN:7,(anonymous_934)
FN:7,(anonymous_935)
FN:7,(anonymous_936)
FN:7,(anonymous_937)
FN:7,(anonymous_938)
FN:7,a
FN:7,s
FN:7,(anonymous_941)
FN:7,(anonymous_942)
FN:7,(anonymous_943)
FN:7,(anonymous_944)
FN:7,(anonymous_945)
FN:7,(anonymous_946)
FN:7,(anonymous_947)
FN:7,(anonymous_948)
FN:7,(anonymous_949)
FN:7,(anonymous_950)
FN:7,(anonymous_951)
FN:7,c
FN:7,(anonymous_953)
FN:7,(anonymous_954)
FN:7,(anonymous_955)
FN:7,(anonymous_956)
FN:7,(anonymous_957)
FN:7,o
FN:7,(anonymous_959)
FN:7,(anonymous_960)
FN:7,(anonymous_961)
FN:7,(anonymous_962)
FN:7,(anonymous_963)
FN:7,(anonymous_964)
FN:7,(anonymous_965)
FN:7,(anonymous_966)
FN:7,(anonymous_967)
FN:7,r
FN:7,(anonymous_969)
FN:7,(anonymous_970)
FN:7,(anonymous_971)
FN:7,(anonymous_972)
FN:7,(anonymous_973)
FN:7,(anonymous_974)
FN:7,(anonymous_975)
FN:7,(anonymous_976)
FN:7,(anonymous_977)
FN:7,(anonymous_978)
FN:7,(anonymous_979)
FN:7,(anonymous_980)
FN:7,(anonymous_981)
FN:7,(anonymous_982)
FN:7,(anonymous_983)
FN:7,(anonymous_984)
FN:7,(anonymous_985)
FN:7,(anonymous_986)
FN:7,(anonymous_987)
FN:7,(anonymous_988)
FN:7,(anonymous_989)
FN:7,(anonymous_990)
FN:7,(anonymous_991)
FN:7,(anonymous_992)
FN:7,(anonymous_993)
FN:7,(anonymous_994)
FN:7,(anonymous_995)
FN:7,(anonymous_996)
FN:7,(anonymous_997)
FN:7,(anonymous_998)
FN:7,(anonymous_999)
FN:7,r
FN:7,(anonymous_1001)
FN:7,(anonymous_1002)
FN:7,(anonymous_1003)
FN:7,(anonymous_1004)
FN:7,(anonymous_1005)
FN:7,(anonymous_1006)
FN:7,(anonymous_1007)
FN:7,(anonymous_1008)
FN:7,(anonymous_1009)
FN:7,(anonymous_1010)
FN:7,(anonymous_1011)
FN:7,(anonymous_1012)
FN:7,(anonymous_1013)
FN:7,(anonymous_1014)
FN:7,(anonymous_1015)
FN:7,(anonymous_1016)
FN:7,(anonymous_1017)
FN:7,(anonymous_1018)
FN:7,(anonymous_1019)
FN:7,(anonymous_1020)
FN:7,(anonymous_1021)
FN:7,(anonymous_1022)
FN:7,(anonymous_1023)
FN:7,(anonymous_1024)
FN:7,(anonymous_1025)
FN:7,(anonymous_1026)
FN:7,(anonymous_1027)
FN:7,(anonymous_1028)
FN:7,(anonymous_1029)
FN:7,(anonymous_1030)
FN:7,(anonymous_1031)
FN:7,l
FN:7,p
FN:7,(anonymous_1034)
FN:7,(anonymous_1035)
FN:7,(anonymous_1036)
FN:7,(anonymous_1037)
FN:7,(anonymous_1038)
FN:7,(anonymous_1039)
FN:7,(anonymous_1040)
FN:7,(anonymous_1041)
FN:7,(anonymous_1042)
FN:7,(anonymous_1043)
FN:7,(anonymous_1044)
FN:7,(anonymous_1045)
FN:7,(anonymous_1046)
FN:7,(anonymous_1047)
FN:7,(anonymous_1048)
FN:7,(anonymous_1049)
FN:7,(anonymous_1050)
FN:7,(anonymous_1051)
FN:7,(anonymous_1052)
FN:7,(anonymous_1053)
FN:7,(anonymous_1054)
FN:7,(anonymous_1055)
FN:7,(anonymous_1056)
FN:7,o
FN:7,(anonymous_1058)
FN:7,(anonymous_1059)
FN:7,(anonymous_1060)
FN:7,(anonymous_1061)
FN:7,(anonymous_1062)
FN:7,(anonymous_1063)
FN:7,i
FN:7,(anonymous_1065)
FN:7,(anonymous_1066)
FN:7,(anonymous_1067)
FN:7,(anonymous_1068)
FN:7,(anonymous_1069)
FN:7,(anonymous_1070)
FN:7,i
FN:7,(anonymous_1072)
FN:7,(anonymous_1073)
FN:7,(anonymous_1074)
FN:7,(anonymous_1075)
FN:7,(anonymous_1076)
FN:7,(anonymous_1077)
FN:7,(anonymous_1078)
FN:7,(anonymous_1079)
FN:7,(anonymous_1080)
FN:7,(anonymous_1081)
FN:7,(anonymous_1082)
FN:7,(anonymous_1083)
FN:7,(anonymous_1084)
FN:7,(anonymous_1085)
FN:7,(anonymous_1086)
FN:7,(anonymous_1087)
FN:7,(anonymous_1088)
FN:7,(anonymous_1089)
FN:7,(anonymous_1090)
FN:7,(anonymous_1091)
FN:7,(anonymous_1092)
FN:7,(anonymous_1093)
FN:7,(anonymous_1094)
FN:7,(anonymous_1095)
FN:7,n
FN:7,(anonymous_1097)
FN:7,(anonymous_1098)
FN:7,(anonymous_1099)
FN:7,(anonymous_1100)
FN:7,(anonymous_1101)
FN:7,(anonymous_1102)
FN:7,(anonymous_1103)
FN:7,(anonymous_1104)
FN:7,(anonymous_1105)
FN:7,(anonymous_1106)
FN:7,(anonymous_1107)
FN:7,(anonymous_1108)
FN:7,(anonymous_1109)
FN:7,o
FN:7,(anonymous_1111)
FN:7,(anonymous_1112)
FN:7,(anonymous_1113)
FN:7,(anonymous_1114)
FN:7,(anonymous_1115)
FN:7,(anonymous_1116)
FN:7,(anonymous_1117)
FN:7,s
FN:7,(anonymous_1119)
FN:7,(anonymous_1120)
FN:7,(anonymous_1121)
FN:7,(anonymous_1122)
FN:7,(anonymous_1123)
FN:7,(anonymous_1124)
FN:7,(anonymous_1125)
FN:7,(anonymous_1126)
FN:7,(anonymous_1127)
FN:7,(anonymous_1128)
FN:7,(anonymous_1129)
FN:7,(anonymous_1130)
FN:7,(anonymous_1131)
FN:7,(anonymous_1132)
FN:7,(anonymous_1133)
FN:7,(anonymous_1134)
FN:7,(anonymous_1135)
FN:7,(anonymous_1136)
FN:7,(anonymous_1137)
FN:7,(anonymous_1138)
FN:7,(anonymous_1139)
FN:7,(anonymous_1140)
FN:7,(anonymous_1141)
FN:7,(anonymous_1142)
FN:7,(anonymous_1143)
FN:7,(anonymous_1144)
FN:7,(anonymous_1145)
FN:7,(anonymous_1146)
FN:7,(anonymous_1147)
FN:7,n
FN:7,o
FN:7,(anonymous_1150)
FN:7,(anonymous_1151)
FN:7,(anonymous_1152)
FN:7,(anonymous_1153)
FN:7,s
FN:7,u
FN:7,(anonymous_1156)
FN:7,(anonymous_1157)
FN:7,(anonymous_1158)
FN:7,(anonymous_1159)
FN:7,(anonymous_1160)
FN:7,(anonymous_1161)
FN:7,(anonymous_1162)
FN:7,i
FN:7,(anonymous_1164)
FN:7,(anonymous_1165)
FN:7,(anonymous_1166)
FN:7,(anonymous_1167)
FN:7,(anonymous_1168)
FN:7,(anonymous_1169)
FN:7,(anonymous_1170)
FN:7,(anonymous_1171)
FN:7,(anonymous_1172)
FN:7,(anonymous_1173)
FN:7,(anonymous_1174)
FN:7,(anonymous_1175)
FN:7,(anonymous_1176)
FN:7,(anonymous_1177)
FN:7,(anonymous_1178)
FN:7,(anonymous_1179)
FN:7,(anonymous_1180)
FN:7,(anonymous_1181)
FN:7,(anonymous_1182)
FN:7,(anonymous_1183)
FN:7,(anonymous_1184)
FN:7,(anonymous_1185)
FN:12,n
FN:12,o
FN:12,i
FN:12,a
FN:12,(anonymous_1190)
FN:12,(anonymous_1191)
FN:12,(anonymous_1192)
FN:12,(anonymous_1193)
FN:12,u
FN:12,(anonymous_1195)
FN:12,(anonymous_1196)
FN:12,d
FN:12,m
FN:12,(anonymous_1199)
FN:12,g
FN:12,(anonymous_1201)
FN:12,(anonymous_1202)
FN:12,(anonymous_1203)
FN:12,y
FN:12,b
FN:12,w
FN:12,k
FN:12,x
FN:12,A
FN:12,(anonymous_1210)
FN:12,C
FN:12,S
FN:12,E
FN:12,T
FN:12,O
FN:12,(anonymous_1216)
FN:12,P
FN:12,I
FN:12,F
FN:12,(anonymous_1220)
FN:12,N
FN:12,(anonymous_1222)
FN:12,B
FN:12,(anonymous_1224)
FN:12,$
FN:12,U
FN:12,V
FN:12,H
FN:12,G
FN:12,Y
FN:12,Z
FN:12,X
FN:12,W
FN:12,J
FN:12,Q
FN:12,(anonymous_1236)
FN:12,(anonymous_1237)
FN:12,(anonymous_1238)
FN:12,(anonymous_1239)
FN:12,ie
FN:12,ae
FN:12,se
FN:12,(anonymous_1243)
FN:12,(anonymous_1244)
FN:12,(anonymous_1245)
FN:12,(anonymous_1246)
FN:12,(anonymous_1247)
FN:12,(anonymous_1248)
FN:12,ce
FN:12,(anonymous_1250)
FN:12,le
FN:12,(anonymous_1252)
FN:12,fe
FN:12,pe
FN:12,he
FN:12,a
FN:12,s
FN:12,(anonymous_1258)
FN:12,(anonymous_1259)
FN:12,u
FN:12,c
FN:12,l
FN:12,de
FN:12,me
FN:12,ve
FN:12,be
FN:12,_e
FN:12,ke
FN:12,(anonymous_1269)
FN:12,xe
FN:12,(anonymous_1271)
FN:12,(anonymous_1272)
FN:12,(anonymous_1273)
FN:12,Ae
FN:12,Ce
FN:12,Se
FN:12,Ee
FN:12,Te
FN:12,Oe
FN:12,De
FN:12,Re
FN:12,(anonymous_1282)
FN:12,Le
FN:12,Me
FN:12,je
FN:12,(anonymous_1286)
FN:12,(anonymous_1287)
FN:12,Pe
FN:12,(anonymous_1289)
FN:12,(anonymous_1290)
FN:12,(anonymous_1291)
FN:12,(anonymous_1292)
FN:12,Ie
FN:12,(anonymous_1294)
FN:12,(anonymous_1295)
FN:12,Fe
FN:12,Be
FN:12,$e
FN:12,(anonymous_1299)
FN:12,(anonymous_1300)
FN:12,t
FN:12,(anonymous_1302)
FN:12,He
FN:12,Ge
FN:12,Ye
FN:12,(anonymous_1306)
FN:12,(anonymous_1307)
FN:12,Ze
FN:12,Xe
FN:12,We
FN:12,Ke
FN:12,(anonymous_1312)
FN:12,Je
FN:12,(anonymous_1314)
FN:12,Qe
FN:12,(anonymous_1316)
FN:12,(anonymous_1317)
FN:12,(anonymous_1318)
FN:12,et
FN:12,(anonymous_1320)
FN:12,(anonymous_1321)
FN:12,(anonymous_1322)
FN:12,(anonymous_1323)
FN:12,(anonymous_1324)
FN:12,(anonymous_1325)
FN:12,(anonymous_1326)
FN:12,(anonymous_1327)
FN:12,(anonymous_1328)
FN:12,(anonymous_1329)
FN:12,(anonymous_1330)
FN:12,(anonymous_1331)
FN:12,(anonymous_1332)
FN:12,(anonymous_1333)
FN:12,(anonymous_1334)
FN:12,(anonymous_1335)
FN:12,(anonymous_1336)
FN:12,(anonymous_1337)
FN:12,(anonymous_1338)
FN:12,(anonymous_1339)
FN:12,(anonymous_1340)
FN:12,(anonymous_1341)
FN:12,(anonymous_1342)
FN:12,t
FN:12,(anonymous_1344)
FN:12,(anonymous_1345)
FN:12,(anonymous_1346)
FN:12,(anonymous_1347)
FN:12,(anonymous_1348)
FN:12,(anonymous_1349)
FN:12,(anonymous_1350)
FN:12,(anonymous_1351)
FN:12,(anonymous_1352)
FN:12,rt
FN:12,(anonymous_1354)
FN:12,t
FN:12,(anonymous_1356)
FN:12,(anonymous_1357)
FN:12,(anonymous_1358)
FN:12,(anonymous_1359)
FN:12,(anonymous_1360)
FN:12,(anonymous_1361)
FN:12,(anonymous_1362)
FN:12,(anonymous_1363)
FN:12,(anonymous_1364)
FN:12,(anonymous_1365)
FN:12,ot
FN:12,it
FN:12,at
FN:12,st
FN:12,ut
FN:12,ct
FN:12,(anonymous_1372)
FN:12,t
FN:12,(anonymous_1374)
FN:12,(anonymous_1375)
FN:12,(anonymous_1376)
FN:12,(anonymous_1377)
FN:12,(anonymous_1378)
FN:12,(anonymous_1379)
FN:12,(anonymous_1380)
FN:12,(anonymous_1381)
FN:12,(anonymous_1382)
FN:12,(anonymous_1383)
FN:12,ht
FN:12,(anonymous_1385)
FN:12,dt
FN:12,(anonymous_1387)
FN:12,(anonymous_1388)
FN:12,(anonymous_1389)
FN:12,(anonymous_1390)
FN:12,(anonymous_1391)
FN:12,(anonymous_1392)
FN:12,(anonymous_1393)
FN:12,(anonymous_1394)
FN:12,(anonymous_1395)
FN:12,(anonymous_1396)
FN:12,(anonymous_1397)
FN:12,(anonymous_1398)
FN:12,(anonymous_1399)
FN:12,(anonymous_1400)
FN:12,(anonymous_1401)
FN:12,(anonymous_1402)
FN:12,(anonymous_1403)
FN:12,(anonymous_1404)
FN:12,(anonymous_1405)
FN:12,(anonymous_1406)
FN:12,(anonymous_1407)
FN:12,(anonymous_1408)
FN:12,(anonymous_1409)
FN:12,(anonymous_1410)
FN:12,(anonymous_1411)
FN:12,o
FN:12,(anonymous_1413)
FN:12,(anonymous_1414)
FN:12,(anonymous_1415)
FN:12,(anonymous_1416)
FN:12,(anonymous_1417)
FN:12,(anonymous_1418)
FN:12,o
FN:12,i
FN:12,(anonymous_1421)
FN:12,(anonymous_1422)
FN:12,(anonymous_1423)
FN:12,(anonymous_1424)
FN:12,(anonymous_1425)
FN:12,(anonymous_1426)
FN:12,(anonymous_1427)
FN:12,(anonymous_1428)
FN:12,(anonymous_1429)
FN:12,(anonymous_1430)
FN:12,(anonymous_1431)
FN:12,(anonymous_1432)
FN:12,(anonymous_1433)
FN:12,(anonymous_1434)
FN:12,(anonymous_1435)
FN:12,(anonymous_1436)
FN:12,(anonymous_1437)
FN:12,(anonymous_1438)
FN:12,(anonymous_1439)
FN:12,(anonymous_1440)
FN:12,(anonymous_1441)
FN:12,(anonymous_1442)
FN:12,(anonymous_1443)
FN:12,(anonymous_1444)
FN:12,o
FN:12,i
FN:12,(anonymous_1447)
FN:12,(anonymous_1448)
FN:12,(anonymous_1449)
FN:12,(anonymous_1450)
FN:12,(anonymous_1451)
FN:12,(anonymous_1452)
FN:12,(anonymous_1453)
FN:12,(anonymous_1454)
FN:12,(anonymous_1455)
FN:12,(anonymous_1456)
FN:12,(anonymous_1457)
FN:12,(anonymous_1458)
FN:12,(anonymous_1459)
FN:12,(anonymous_1460)
FN:12,(anonymous_1461)
FN:12,(anonymous_1462)
FN:12,(anonymous_1463)
FN:12,(anonymous_1464)
FN:12,(anonymous_1465)
FN:12,r
FN:12,(anonymous_1467)
FN:12,z
FN:12,(anonymous_1469)
FN:12,(anonymous_1470)
FN:12,(anonymous_1471)
FN:12,(anonymous_1472)
FN:12,(anonymous_1473)
FN:12,(anonymous_1474)
FN:12,(anonymous_1475)
FN:12,(anonymous_1476)
FN:12,(anonymous_1477)
FN:12,(anonymous_1478)
FN:12,(anonymous_1479)
FN:12,(anonymous_1480)
FN:12,(anonymous_1481)
FN:12,(anonymous_1482)
FN:12,(anonymous_1483)
FN:12,(anonymous_1484)
FN:12,(anonymous_1485)
FN:12,(anonymous_1486)
FN:12,(anonymous_1487)
FN:12,(anonymous_1488)
FN:12,(anonymous_1489)
FN:12,(anonymous_1490)
FN:12,(anonymous_1491)
FN:12,(anonymous_1492)
FN:12,(anonymous_1493)
FN:12,(anonymous_1494)
FN:12,(anonymous_1495)
FN:12,(anonymous_1496)
FN:12,(anonymous_1497)
FN:12,(anonymous_1498)
FN:12,(anonymous_1499)
FN:12,(anonymous_1500)
FN:12,(anonymous_1501)
FN:12,(anonymous_1502)
FN:12,(anonymous_1503)
FN:12,(anonymous_1504)
FN:12,(anonymous_1505)
FN:12,(anonymous_1506)
FN:12,(anonymous_1507)
FN:12,(anonymous_1508)
FN:12,(anonymous_1509)
FN:12,e
FN:12,(anonymous_1511)
FN:12,(anonymous_1512)
FN:12,(anonymous_1513)
FN:12,i
FN:12,m
FN:12,(anonymous_1516)
FN:12,(anonymous_1517)
FN:12,(anonymous_1518)
FN:12,(anonymous_1519)
FN:12,(anonymous_1520)
FN:12,a
FN:12,s
FN:12,u
FN:12,c
FN:12,l
FN:12,(anonymous_1526)
FN:12,(anonymous_1527)
FN:12,(anonymous_1528)
FN:12,(anonymous_1529)
FN:12,(anonymous_1530)
FN:12,r
FN:12,n
FN:12,(anonymous_1533)
FN:12,o
FN:12,i
FN:12,a
FN:12,(anonymous_1537)
FN:12,(anonymous_1538)
FN:12,(anonymous_1539)
FN:12,(anonymous_1540)
FN:12,(anonymous_1541)
FN:12,(anonymous_1542)
FN:12,(anonymous_1543)
FN:12,(anonymous_1544)
FN:12,(anonymous_1545)
FN:12,(anonymous_1546)
FN:12,(anonymous_1547)
FN:12,(anonymous_1548)
FN:12,(anonymous_1549)
FN:12,(anonymous_1550)
FN:12,(anonymous_1551)
FN:12,i
FN:12,(anonymous_1553)
FN:12,(anonymous_1554)
FN:12,(anonymous_1555)
FN:12,(anonymous_1556)
FN:12,(anonymous_1557)
FN:12,r
FN:12,n
FN:12,(anonymous_1560)
FN:12,c
FN:12,l
FN:12,(anonymous_1563)
FN:12,(anonymous_1564)
FN:12,(anonymous_1565)
FN:12,(anonymous_1566)
FN:12,(anonymous_1567)
FN:12,(anonymous_1568)
FN:12,(anonymous_1569)
FN:12,(anonymous_1570)
FN:12,(anonymous_1571)
FN:12,(anonymous_1572)
FN:12,(anonymous_1573)
FN:12,(anonymous_1574)
FN:12,(anonymous_1575)
FN:12,(anonymous_1576)
FN:12,f
FN:12,p
FN:12,(anonymous_1579)
FN:12,(anonymous_1580)
FN:12,d
FN:12,(anonymous_1582)
FN:12,(anonymous_1583)
FN:12,(anonymous_1584)
FN:12,(anonymous_1585)
FN:12,(anonymous_1586)
FN:12,(anonymous_1587)
FN:12,(anonymous_1588)
FN:12,(anonymous_1589)
FN:12,(anonymous_1590)
FN:12,(anonymous_1591)
FN:12,(anonymous_1592)
FN:12,(anonymous_1593)
FN:12,(anonymous_1594)
FN:12,(anonymous_1595)
FN:12,(anonymous_1596)
FN:12,(anonymous_1597)
FN:12,(anonymous_1598)
FN:12,(anonymous_1599)
FN:12,(anonymous_1600)
FN:12,(anonymous_1601)
FN:12,(anonymous_1602)
FN:19,a
FN:19,(anonymous_1604)
FN:19,s
FN:19,u
FN:19,c
FN:19,l
FN:19,f
FN:19,p
FN:19,h
FN:19,d
FN:19,m
FN:19,g
FN:19,v
FN:19,y
FN:19,b
FN:19,_
FN:19,w
FN:19,k
FN:19,x
FN:19,A
FN:19,c
FN:19,C
FN:19,S
FN:19,E
FN:19,T
FN:19,O
FN:19,D
FN:19,z
FN:19,R
FN:19,(anonymous_1632)
FN:19,(anonymous_1633)
FN:19,(anonymous_1634)
FN:19,(anonymous_1635)
FN:19,(anonymous_1636)
FN:19,(anonymous_1637)
FN:19,(anonymous_1638)
FN:19,(anonymous_1639)
FN:19,(anonymous_1640)
FN:19,(anonymous_1641)
FN:19,(anonymous_1642)
FN:19,(anonymous_1643)
FN:19,(anonymous_1644)
FN:19,(anonymous_1645)
FN:19,(anonymous_1646)
FN:19,(anonymous_1647)
FN:19,(anonymous_1648)
FN:19,(anonymous_1649)
FN:19,(anonymous_1650)
FN:19,(anonymous_1651)
FN:19,(anonymous_1652)
FN:19,L
FN:19,M
FN:19,j
FN:19,P
FN:19,I
FN:19,F
FN:19,N
FN:19,B
FN:19,$
FN:19,U
FN:19,V
FN:19,H
FN:19,(anonymous_1665)
FN:19,(anonymous_1666)
FN:19,(anonymous_1667)
FN:19,(anonymous_1668)
FN:19,(anonymous_1669)
FN:19,(anonymous_1670)
FN:19,(anonymous_1671)
FN:19,(anonymous_1672)
FN:19,(anonymous_1673)
FN:19,(anonymous_1674)
FN:19,(anonymous_1675)
FN:19,(anonymous_1676)
FN:19,(anonymous_1677)
FN:19,(anonymous_1678)
FN:19,(anonymous_1679)
FN:19,(anonymous_1680)
FN:19,(anonymous_1681)
FN:19,(anonymous_1682)
FN:19,(anonymous_1683)
FN:19,(anonymous_1684)
FN:19,(anonymous_1685)
FN:19,(anonymous_1686)
FN:19,(anonymous_1687)
FN:19,(anonymous_1688)
FN:19,(anonymous_1689)
FN:19,(anonymous_1690)
FN:19,(anonymous_1691)
FN:19,(anonymous_1692)
FN:19,(anonymous_1693)
FN:19,(anonymous_1694)
FN:19,(anonymous_1695)
FN:19,(anonymous_1696)
FN:19,(anonymous_1697)
FN:19,(anonymous_1698)
FN:19,(anonymous_1699)
FN:19,(anonymous_1700)
FN:19,(anonymous_1701)
FN:19,(anonymous_1702)
FN:19,(anonymous_1703)
FN:19,Y
FN:19,Z
FN:19,X
FN:19,W
FN:19,K
FN:19,J
FN:19,Q
FN:19,ee
FN:19,te
FN:19,(anonymous_1713)
FN:19,(anonymous_1714)
FN:19,n
FN:19,(anonymous_1716)
FN:19,(anonymous_1717)
FN:19,s
FN:19,u
FN:19,c
FN:19,(anonymous_1721)
FN:19,(anonymous_1722)
FN:19,(anonymous_1723)
FN:19,(anonymous_1724)
FN:19,i
FN:19,a
FN:19,s
FN:19,u
FN:19,c
FN:19,l
FN:19,f
FN:19,p
FN:19,h
FN:19,d
FN:19,m
FN:19,g
FN:19,(anonymous_1737)
FN:19,(anonymous_1738)
FN:19,(anonymous_1739)
FN:19,(anonymous_1740)
FN:19,(anonymous_1741)
FN:19,(anonymous_1742)
FN:19,(anonymous_1743)
FN:19,o
FN:19,(anonymous_1745)
FN:19,(anonymous_1746)
FN:19,(anonymous_1747)
FN:19,(anonymous_1748)
FN:19,(anonymous_1749)
FN:19,(anonymous_1750)
FN:19,(anonymous_1751)
FN:19,(anonymous_1752)
FN:19,(anonymous_1753)
FN:19,o
FN:19,i
FN:19,(anonymous_1756)
FN:19,a
FN:19,s
FN:19,u
FN:19,c
FN:19,l
FN:19,f
FN:19,p
FN:19,h
FN:19,d
FN:19,m
FN:19,g
FN:19,v
FN:19,y
FN:19,b
FN:19,_
FN:19,w
FN:19,k
FN:19,x
FN:19,t
FN:19,A
FN:19,t
FN:19,C
FN:19,(anonymous_1779)
FN:19,(anonymous_1780)
FN:19,(anonymous_1781)
FN:19,(anonymous_1782)
FN:19,(anonymous_1783)
FN:19,(anonymous_1784)
FN:19,(anonymous_1785)
FN:19,(anonymous_1786)
FN:19,(anonymous_1787)
FN:19,(anonymous_1788)
FN:26,(anonymous_1789)
FN:26,(anonymous_1790)
FN:26,(anonymous_1791)
FN:26,(anonymous_1792)
FN:26,(anonymous_1793)
FN:26,(anonymous_1794)
FN:26,(anonymous_1795)
FN:26,(anonymous_1796)
FN:26,(anonymous_1797)
FN:26,(anonymous_1798)
FN:26,(anonymous_1799)
FN:26,(anonymous_1800)
FN:26,(anonymous_1801)
FN:26,(anonymous_1802)
FN:26,(anonymous_1803)
FN:26,(anonymous_1804)
FN:26,(anonymous_1805)
FN:26,(anonymous_1806)
FN:26,(anonymous_1807)
FN:26,(anonymous_1808)
FN:26,(anonymous_1809)
FN:26,(anonymous_1810)
FN:26,(anonymous_1811)
FN:26,(anonymous_1812)
FN:26,(anonymous_1813)
FN:26,r
FN:26,(anonymous_1815)
FN:26,(anonymous_1816)
FN:26,(anonymous_1817)
FN:26,(anonymous_1818)
FN:26,(anonymous_1819)
FN:26,(anonymous_1820)
FN:26,(anonymous_1821)
FN:26,(anonymous_1822)
FN:26,(anonymous_1823)
FN:26,(anonymous_1824)
FN:26,(anonymous_1825)
FN:26,(anonymous_1826)
FN:26,(anonymous_1827)
FN:26,(anonymous_1828)
FN:26,(anonymous_1829)
FN:26,(anonymous_1830)
FN:26,(anonymous_1831)
FN:26,(anonymous_1832)
FN:26,u
FN:26,(anonymous_1834)
FN:26,(anonymous_1835)
FN:26,(anonymous_1836)
FN:26,(anonymous_1837)
FN:26,t
FN:26,r
FN:26,(anonymous_1840)
FN:26,(anonymous_1841)
FN:26,(anonymous_1842)
FN:26,(anonymous_1843)
FN:26,(anonymous_1844)
FN:26,(anonymous_1845)
FN:26,(anonymous_1846)
FN:26,(anonymous_1847)
FN:26,(anonymous_1848)
FN:26,(anonymous_1849)
FN:26,(anonymous_1850)
FN:26,(anonymous_1851)
FN:26,(anonymous_1852)
FN:26,(anonymous_1853)
FN:26,(anonymous_1854)
FN:26,(anonymous_1855)
FN:26,(anonymous_1856)
FN:26,(anonymous_1857)
FN:26,(anonymous_1858)
FN:26,(anonymous_1859)
FN:26,(anonymous_1860)
FN:26,(anonymous_1861)
FN:26,(anonymous_1862)
FN:26,(anonymous_1863)
FN:26,(anonymous_1864)
FN:26,(anonymous_1865)
FN:26,(anonymous_1866)
FN:26,(anonymous_1867)
FN:26,(anonymous_1868)
FN:26,(anonymous_1869)
FN:26,(anonymous_1870)
FN:26,(anonymous_1871)
FN:26,(anonymous_1872)
FN:26,(anonymous_1873)
FN:26,(anonymous_1874)
FN:26,(anonymous_1875)
FN:26,(anonymous_1876)
FN:26,(anonymous_1877)
FN:26,(anonymous_1878)
FN:26,(anonymous_1879)
FN:26,(anonymous_1880)
FN:26,(anonymous_1881)
FN:26,(anonymous_1882)
FN:26,(anonymous_1883)
FN:26,(anonymous_1884)
FN:26,(anonymous_1885)
FN:26,(anonymous_1886)
FN:26,(anonymous_1887)
FN:26,(anonymous_1888)
FN:26,(anonymous_1889)
FN:26,(anonymous_1890)
FN:26,(anonymous_1891)
FN:26,(anonymous_1892)
FN:26,(anonymous_1893)
FN:26,(anonymous_1894)
FN:26,(anonymous_1895)
FN:26,(anonymous_1896)
FN:26,(anonymous_1897)
FN:26,(anonymous_1898)
FN:26,(anonymous_1899)
FN:26,(anonymous_1900)
FN:26,(anonymous_1901)
FN:26,(anonymous_1902)
FN:26,n
FN:26,v
FN:26,(anonymous_1905)
FN:26,(anonymous_1906)
FN:26,(anonymous_1907)
FN:26,(anonymous_1908)
FN:26,(anonymous_1909)
FN:26,(anonymous_1910)
FN:26,(anonymous_1911)
FN:26,(anonymous_1912)
FN:26,(anonymous_1913)
FN:26,(anonymous_1914)
FN:26,(anonymous_1915)
FN:26,r
FN:26,n
FN:26,o
FN:26,(anonymous_1919)
FN:26,(anonymous_1920)
FN:26,(anonymous_1921)
FN:26,(anonymous_1922)
FN:26,(anonymous_1923)
FN:26,(anonymous_1924)
FN:26,(anonymous_1925)
FN:26,(anonymous_1926)
FN:26,n
FN:26,(anonymous_1928)
FN:26,(anonymous_1929)
FN:26,(anonymous_1930)
FN:26,(anonymous_1931)
FN:26,(anonymous_1932)
FN:26,(anonymous_1933)
FN:26,(anonymous_1934)
FN:26,(anonymous_1935)
FN:26,(anonymous_1936)
FN:26,e
FN:26,(anonymous_1938)
FN:26,(anonymous_1939)
FN:26,(anonymous_1940)
FN:26,(anonymous_1941)
FN:26,(anonymous_1942)
FN:26,(anonymous_1943)
FN:26,(anonymous_1944)
FN:26,(anonymous_1945)
FN:26,(anonymous_1946)
FN:26,(anonymous_1947)
FN:26,(anonymous_1948)
FN:26,(anonymous_1949)
FN:26,(anonymous_1950)
FN:26,(anonymous_1951)
FN:26,(anonymous_1952)
FN:26,(anonymous_1953)
FN:26,i
FN:26,a
FN:26,(anonymous_1956)
FN:26,(anonymous_1957)
FN:26,(anonymous_1958)
FN:26,(anonymous_1959)
FN:26,(anonymous_1960)
FN:26,(anonymous_1961)
FN:26,(anonymous_1962)
FN:26,(anonymous_1963)
FN:26,(anonymous_1964)
FN:26,(anonymous_1965)
FN:26,(anonymous_1966)
FN:26,(anonymous_1967)
FN:26,(anonymous_1968)
FN:26,(anonymous_1969)
FN:26,(anonymous_1970)
FN:26,(anonymous_1971)
FN:26,(anonymous_1972)
FN:26,(anonymous_1973)
FN:26,(anonymous_1974)
FN:26,(anonymous_1975)
FN:26,(anonymous_1976)
FN:26,(anonymous_1977)
FN:26,(anonymous_1978)
FN:26,(anonymous_1979)
FN:26,(anonymous_1980)
FN:26,(anonymous_1981)
FN:26,(anonymous_1982)
FN:26,(anonymous_1983)
FN:26,(anonymous_1984)
FN:26,(anonymous_1985)
FN:26,(anonymous_1986)
FN:26,(anonymous_1987)
FN:26,(anonymous_1988)
FN:26,(anonymous_1989)
FN:26,(anonymous_1990)
FN:26,(anonymous_1991)
FN:26,(anonymous_1992)
FN:26,(anonymous_1993)
FN:26,(anonymous_1994)
FN:26,(anonymous_1995)
FN:26,(anonymous_1996)
FN:26,(anonymous_1997)
FN:26,(anonymous_1998)
FN:26,(anonymous_1999)
FN:26,(anonymous_2000)
FN:26,(anonymous_2001)
FN:26,(anonymous_2002)
FN:26,(anonymous_2003)
FN:26,(anonymous_2004)
FN:26,(anonymous_2005)
FN:26,(anonymous_2006)
FN:26,(anonymous_2007)
FN:26,(anonymous_2008)
FN:26,(anonymous_2009)
FN:26,(anonymous_2010)
FN:26,(anonymous_2011)
FN:26,(anonymous_2012)
FN:26,(anonymous_2013)
FN:26,(anonymous_2014)
FN:26,(anonymous_2015)
FN:26,(anonymous_2016)
FN:26,(anonymous_2017)
FN:26,(anonymous_2018)
FN:26,(anonymous_2019)
FN:26,(anonymous_2020)
FN:26,(anonymous_2021)
FN:26,(anonymous_2022)
FN:26,(anonymous_2023)
FN:26,(anonymous_2024)
FN:26,(anonymous_2025)
FN:26,(anonymous_2026)
FN:26,(anonymous_2027)
FN:26,(anonymous_2028)
FN:26,(anonymous_2029)
FN:26,(anonymous_2030)
FN:26,(anonymous_2031)
FN:26,(anonymous_2032)
FN:26,(anonymous_2033)
FN:26,(anonymous_2034)
FN:26,(anonymous_2035)
FN:26,(anonymous_2036)
FN:26,(anonymous_2037)
FN:26,(anonymous_2038)
FN:26,(anonymous_2039)
FN:26,(anonymous_2040)
FN:26,(anonymous_2041)
FN:26,(anonymous_2042)
FN:26,n
FN:26,o
FN:26,i
FN:26,a
FN:26,s
FN:26,u
FN:26,(anonymous_2049)
FN:26,c
FN:26,l
FN:26,f
FN:26,p
FN:26,(anonymous_2054)
FN:26,(anonymous_2055)
FN:26,(anonymous_2056)
FN:26,(anonymous_2057)
FN:26,(anonymous_2058)
FN:26,(anonymous_2059)
FN:26,(anonymous_2060)
FN:26,(anonymous_2061)
FN:26,(anonymous_2062)
FN:26,(anonymous_2063)
FN:26,(anonymous_2064)
FN:26,(anonymous_2065)
FN:26,(anonymous_2066)
FN:26,(anonymous_2067)
FN:26,(anonymous_2068)
FN:26,(anonymous_2069)
FN:26,(anonymous_2070)
FN:26,(anonymous_2071)
FN:26,(anonymous_2072)
FN:26,(anonymous_2073)
FN:26,(anonymous_2074)
FN:26,(anonymous_2075)
FN:26,(anonymous_2076)
FN:26,(anonymous_2077)
FN:26,(anonymous_2078)
FN:26,(anonymous_2079)
FN:26,(anonymous_2080)
FN:26,(anonymous_2081)
FN:26,(anonymous_2082)
FN:26,(anonymous_2083)
FN:26,(anonymous_2084)
FN:26,(anonymous_2085)
FN:26,(anonymous_2086)
FN:26,(anonymous_2087)
FN:26,(anonymous_2088)
FN:26,(anonymous_2089)
FN:26,(anonymous_2090)
FN:26,o
FN:26,(anonymous_2092)
FN:26,(anonymous_2093)
FN:26,(anonymous_2094)
FN:26,(anonymous_2095)
FN:26,(anonymous_2096)
FN:26,(anonymous_2097)
FN:26,(anonymous_2098)
FN:26,(anonymous_2099)
FN:26,(anonymous_2100)
FN:26,(anonymous_2101)
FN:26,(anonymous_2102)
FN:26,(anonymous_2103)
FN:26,(anonymous_2104)
FN:26,(anonymous_2105)
FN:26,(anonymous_2106)
FN:26,(anonymous_2107)
FN:26,(anonymous_2108)
FN:26,(anonymous_2109)
FN:26,n
FN:26,(anonymous_2111)
FN:26,(anonymous_2112)
FN:26,o
FN:26,i
FN:26,a
FN:26,s
FN:26,u
FN:26,c
FN:26,f
FN:26,(anonymous_2120)
FN:26,(anonymous_2121)
FN:26,(anonymous_2122)
FN:26,(anonymous_2123)
FN:26,m
FN:26,g
FN:26,(anonymous_2126)
FN:26,v
FN:26,(anonymous_2128)
FN:26,y
FN:26,l
FN:26,p
FN:26,(anonymous_2132)
FN:26,(anonymous_2133)
FN:26,(anonymous_2134)
FN:26,b
FN:26,_
FN:26,w
FN:26,(anonymous_2138)
FN:26,(anonymous_2139)
FN:26,(anonymous_2140)
FN:26,(anonymous_2141)
FN:26,(anonymous_2142)
FN:26,(anonymous_2143)
FN:26,(anonymous_2144)
FN:26,(anonymous_2145)
FN:26,(anonymous_2146)
FN:26,(anonymous_2147)
FN:26,(anonymous_2148)
FN:26,(anonymous_2149)
FN:26,(anonymous_2150)
FN:26,(anonymous_2151)
FN:26,(anonymous_2152)
FN:26,(anonymous_2153)
FN:26,(anonymous_2154)
FN:26,(anonymous_2155)
FN:26,r
FN:26,n
FN:26,o
FNF:2159
FNH:0
FNDA:0,(anonymous_0)
FNDA:0,n
FNDA:0,o
FNDA:0,a
FNDA:0,s
FNDA:0,(anonymous_5)
FNDA:0,(anonymous_6)
FNDA:0,u
FNDA:0,c
FNDA:0,l
FNDA:0,g
FNDA:0,v
FNDA:0,y
FNDA:0,(anonymous_13)
FNDA:0,k
FNDA:0,x
FNDA:0,C
FNDA:0,S
FNDA:0,E
FNDA:0,O
FNDA:0,D
FNDA:0,z
FNDA:0,(anonymous_22)
FNDA:0,(anonymous_23)
FNDA:0,(anonymous_24)
FNDA:0,(anonymous_25)
FNDA:0,(anonymous_26)
FNDA:0,(anonymous_27)
FNDA:0,(anonymous_28)
FNDA:0,(anonymous_29)
FNDA:0,(anonymous_30)
FNDA:0,(anonymous_31)
FNDA:0,(anonymous_32)
FNDA:0,(anonymous_33)
FNDA:0,(anonymous_34)
FNDA:0,(anonymous_35)
FNDA:0,m
FNDA:0,v
FNDA:0,y
FNDA:0,b
FNDA:0,(anonymous_40)
FNDA:0,(anonymous_41)
FNDA:0,(anonymous_42)
FNDA:0,(anonymous_43)
FNDA:0,(anonymous_44)
FNDA:0,(anonymous_45)
FNDA:0,(anonymous_46)
FNDA:0,(anonymous_47)
FNDA:0,(anonymous_48)
FNDA:0,(anonymous_49)
FNDA:0,(anonymous_50)
FNDA:0,(anonymous_51)
FNDA:0,(anonymous_52)
FNDA:0,(anonymous_53)
FNDA:0,(anonymous_54)
FNDA:0,n
FNDA:0,(anonymous_56)
FNDA:0,(anonymous_57)
FNDA:0,(anonymous_58)
FNDA:0,(anonymous_59)
FNDA:0,(anonymous_60)
FNDA:0,(anonymous_61)
FNDA:0,s
FNDA:0,(anonymous_63)
FNDA:0,(anonymous_64)
FNDA:0,(anonymous_65)
FNDA:0,(anonymous_66)
FNDA:0,(anonymous_67)
FNDA:0,(anonymous_68)
FNDA:0,u
FNDA:0,(anonymous_70)
FNDA:0,(anonymous_71)
FNDA:0,(anonymous_72)
FNDA:0,(anonymous_73)
FNDA:0,(anonymous_74)
FNDA:0,(anonymous_75)
FNDA:0,(anonymous_76)
FNDA:0,(anonymous_77)
FNDA:0,(anonymous_78)
FNDA:0,(anonymous_79)
FNDA:0,(anonymous_80)
FNDA:0,(anonymous_81)
FNDA:0,(anonymous_82)
FNDA:0,(anonymous_83)
FNDA:0,(anonymous_84)
FNDA:0,(anonymous_85)
FNDA:0,(anonymous_86)
FNDA:0,(anonymous_87)
FNDA:0,(anonymous_88)
FNDA:0,(anonymous_89)
FNDA:0,(anonymous_90)
FNDA:0,(anonymous_91)
FNDA:0,i
FNDA:0,a
FNDA:0,s
FNDA:0,(anonymous_95)
FNDA:0,(anonymous_96)
FNDA:0,(anonymous_97)
FNDA:0,(anonymous_98)
FNDA:0,(anonymous_99)
FNDA:0,(anonymous_100)
FNDA:0,(anonymous_101)
FNDA:0,(anonymous_102)
FNDA:0,(anonymous_103)
FNDA:0,(anonymous_104)
FNDA:0,r
FNDA:0,(anonymous_106)
FNDA:0,r
FNDA:0,(anonymous_108)
FNDA:0,(anonymous_109)
FNDA:0,(anonymous_110)
FNDA:0,(anonymous_111)
FNDA:0,(anonymous_112)
FNDA:0,(anonymous_113)
FNDA:0,(anonymous_114)
FNDA:0,A
FNDA:0,C
FNDA:0,S
FNDA:0,E
FNDA:0,T
FNDA:0,(anonymous_120)
FNDA:0,O
FNDA:0,D
FNDA:0,z
FNDA:0,R
FNDA:0,q
FNDA:0,L
FNDA:0,(anonymous_127)
FNDA:0,M
FNDA:0,(anonymous_129)
FNDA:0,(anonymous_130)
FNDA:0,(anonymous_131)
FNDA:0,(anonymous_132)
FNDA:0,(anonymous_133)
FNDA:0,(anonymous_134)
FNDA:0,(anonymous_135)
FNDA:0,(anonymous_136)
FNDA:0,(anonymous_137)
FNDA:0,(anonymous_138)
FNDA:0,(anonymous_139)
FNDA:0,(anonymous_140)
FNDA:0,(anonymous_141)
FNDA:0,(anonymous_142)
FNDA:0,(anonymous_143)
FNDA:0,(anonymous_144)
FNDA:0,(anonymous_145)
FNDA:0,(anonymous_146)
FNDA:0,(anonymous_147)
FNDA:0,(anonymous_148)
FNDA:0,(anonymous_149)
FNDA:0,(anonymous_150)
FNDA:0,(anonymous_151)
FNDA:0,(anonymous_152)
FNDA:0,(anonymous_153)
FNDA:0,(anonymous_154)
FNDA:0,(anonymous_155)
FNDA:0,(anonymous_156)
FNDA:0,(anonymous_157)
FNDA:0,(anonymous_158)
FNDA:0,c
FNDA:0,l
FNDA:0,f
FNDA:0,p
FNDA:0,h
FNDA:0,d
FNDA:0,m
FNDA:0,(anonymous_166)
FNDA:0,(anonymous_167)
FNDA:0,(anonymous_168)
FNDA:0,(anonymous_169)
FNDA:0,(anonymous_170)
FNDA:0,(anonymous_171)
FNDA:0,(anonymous_172)
FNDA:0,(anonymous_173)
FNDA:0,(anonymous_174)
FNDA:0,(anonymous_175)
FNDA:0,(anonymous_176)
FNDA:0,(anonymous_177)
FNDA:0,(anonymous_178)
FNDA:0,(anonymous_179)
FNDA:0,(anonymous_180)
FNDA:0,(anonymous_181)
FNDA:0,a
FNDA:0,s
FNDA:0,(anonymous_184)
FNDA:0,(anonymous_185)
FNDA:0,(anonymous_186)
FNDA:0,(anonymous_187)
FNDA:0,(anonymous_188)
FNDA:0,(anonymous_189)
FNDA:0,(anonymous_190)
FNDA:0,(anonymous_191)
FNDA:0,(anonymous_192)
FNDA:0,(anonymous_193)
FNDA:0,(anonymous_194)
FNDA:0,(anonymous_195)
FNDA:0,(anonymous_196)
FNDA:0,(anonymous_197)
FNDA:0,(anonymous_198)
FNDA:0,(anonymous_199)
FNDA:0,(anonymous_200)
FNDA:0,(anonymous_201)
FNDA:0,(anonymous_202)
FNDA:0,(anonymous_203)
FNDA:0,(anonymous_204)
FNDA:0,(anonymous_205)
FNDA:0,(anonymous_206)
FNDA:0,(anonymous_207)
FNDA:0,(anonymous_208)
FNDA:0,(anonymous_209)
FNDA:0,(anonymous_210)
FNDA:0,(anonymous_211)
FNDA:0,(anonymous_212)
FNDA:0,(anonymous_213)
FNDA:0,(anonymous_214)
FNDA:0,(anonymous_215)
FNDA:0,(anonymous_216)
FNDA:0,(anonymous_217)
FNDA:0,(anonymous_218)
FNDA:0,(anonymous_219)
FNDA:0,(anonymous_220)
FNDA:0,(anonymous_221)
FNDA:0,(anonymous_222)
FNDA:0,(anonymous_223)
FNDA:0,(anonymous_224)
FNDA:0,(anonymous_225)
FNDA:0,(anonymous_226)
FNDA:0,(anonymous_227)
FNDA:0,(anonymous_228)
FNDA:0,(anonymous_229)
FNDA:0,n
FNDA:0,(anonymous_231)
FNDA:0,(anonymous_232)
FNDA:0,(anonymous_233)
FNDA:0,(anonymous_234)
FNDA:0,(anonymous_235)
FNDA:0,(anonymous_236)
FNDA:0,(anonymous_237)
FNDA:0,(anonymous_238)
FNDA:0,n
FNDA:0,o
FNDA:0,i
FNDA:0,a
FNDA:0,s
FNDA:0,u
FNDA:0,l
FNDA:0,f
FNDA:0,p
FNDA:0,h
FNDA:0,d
FNDA:0,m
FNDA:0,g
FNDA:0,(anonymous_252)
FNDA:0,(anonymous_253)
FNDA:0,y
FNDA:0,_
FNDA:0,w
FNDA:0,(anonymous_257)
FNDA:0,(anonymous_258)
FNDA:0,(anonymous_259)
FNDA:0,(anonymous_260)
FNDA:0,(anonymous_261)
FNDA:0,E
FNDA:0,r
FNDA:0,T
FNDA:0,D
FNDA:0,z
FNDA:0,R
FNDA:0,q
FNDA:0,(anonymous_269)
FNDA:0,(anonymous_270)
FNDA:0,j
FNDA:0,(anonymous_272)
FNDA:0,(anonymous_273)
FNDA:0,P
FNDA:0,I
FNDA:0,(anonymous_276)
FNDA:0,V
FNDA:0,H
FNDA:0,Y
FNDA:0,(anonymous_280)
FNDA:0,(anonymous_281)
FNDA:0,(anonymous_282)
FNDA:0,le
FNDA:0,(anonymous_284)
FNDA:0,e
FNDA:0,(anonymous_286)
FNDA:0,(anonymous_287)
FNDA:0,(anonymous_288)
FNDA:0,(anonymous_289)
FNDA:0,(anonymous_290)
FNDA:0,(anonymous_291)
FNDA:0,(anonymous_292)
FNDA:0,(anonymous_293)
FNDA:0,ve
FNDA:0,ye
FNDA:0,(anonymous_296)
FNDA:0,(anonymous_297)
FNDA:0,(anonymous_298)
FNDA:0,ke
FNDA:0,xe
FNDA:0,(anonymous_301)
FNDA:0,(anonymous_302)
FNDA:0,Oe
FNDA:0,(anonymous_304)
FNDA:0,ze
FNDA:0,Re
FNDA:0,qe
FNDA:0,Le
FNDA:0,(anonymous_309)
FNDA:0,(anonymous_310)
FNDA:0,Me
FNDA:0,je
FNDA:0,Pe
FNDA:0,(anonymous_314)
FNDA:0,(anonymous_315)
FNDA:0,Fe
FNDA:0,Ne
FNDA:0,(anonymous_318)
FNDA:0,(anonymous_319)
FNDA:0,Be
FNDA:0,$e
FNDA:0,Ue
FNDA:0,(anonymous_323)
FNDA:0,(anonymous_324)
FNDA:0,(anonymous_325)
FNDA:0,(anonymous_326)
FNDA:0,(anonymous_327)
FNDA:0,(anonymous_328)
FNDA:0,He
FNDA:0,Ge
FNDA:0,Ye
FNDA:0,Ze
FNDA:0,s
FNDA:0,Xe
FNDA:0,We
FNDA:0,Ke
FNDA:0,Je
FNDA:0,Qe
FNDA:0,et
FNDA:0,tt
FNDA:0,rt
FNDA:0,(anonymous_342)
FNDA:0,nt
FNDA:0,ot
FNDA:0,ct
FNDA:0,(anonymous_346)
FNDA:0,(anonymous_347)
FNDA:0,(anonymous_348)
FNDA:0,(anonymous_349)
FNDA:0,dt
FNDA:0,(anonymous_351)
FNDA:0,(anonymous_352)
FNDA:0,gt
FNDA:0,vt
FNDA:0,(anonymous_355)
FNDA:0,bt
FNDA:0,r
FNDA:0,_t
FNDA:0,wt
FNDA:0,u
FNDA:0,kt
FNDA:0,xt
FNDA:0,At
FNDA:0,Ct
FNDA:0,St
FNDA:0,Et
FNDA:0,Tt
FNDA:0,Ot
FNDA:0,(anonymous_369)
FNDA:0,Dt
FNDA:0,zt
FNDA:0,Rt
FNDA:0,qt
FNDA:0,Lt
FNDA:0,(anonymous_375)
FNDA:0,Mt
FNDA:0,(anonymous_377)
FNDA:0,jt
FNDA:0,Pt
FNDA:0,It
FNDA:0,Ft
FNDA:0,Nt
FNDA:0,Bt
FNDA:0,(anonymous_384)
FNDA:0,(anonymous_385)
FNDA:0,$t
FNDA:0,Ut
FNDA:0,Vt
FNDA:0,Ht
FNDA:0,Gt
FNDA:0,Yt
FNDA:0,Zt
FNDA:0,Xt
FNDA:0,Wt
FNDA:0,Kt
FNDA:0,(anonymous_396)
FNDA:0,(anonymous_397)
FNDA:0,(anonymous_398)
FNDA:0,(anonymous_399)
FNDA:0,Jt
FNDA:0,Qt
FNDA:0,er
FNDA:0,(anonymous_403)
FNDA:0,(anonymous_404)
FNDA:0,(anonymous_405)
FNDA:0,(anonymous_406)
FNDA:0,nr
FNDA:0,or
FNDA:0,ir
FNDA:0,ar
FNDA:0,(anonymous_411)
FNDA:0,sr
FNDA:0,lr
FNDA:0,fr
FNDA:0,pr
FNDA:0,hr
FNDA:0,dr
FNDA:0,(anonymous_418)
FNDA:0,(anonymous_419)
FNDA:0,vr
FNDA:0,(anonymous_421)
FNDA:0,(anonymous_422)
FNDA:0,yr
FNDA:0,br
FNDA:0,_r
FNDA:0,(anonymous_426)
FNDA:0,(anonymous_427)
FNDA:0,(anonymous_428)
FNDA:0,(anonymous_429)
FNDA:0,(anonymous_430)
FNDA:0,(anonymous_431)
FNDA:0,wr
FNDA:0,kr
FNDA:0,xr
FNDA:0,Ar
FNDA:0,Cr
FNDA:0,Sr
FNDA:0,n
FNDA:0,Er
FNDA:0,Tr
FNDA:0,(anonymous_441)
FNDA:0,(anonymous_442)
FNDA:0,n
FNDA:0,(anonymous_444)
FNDA:0,(anonymous_445)
FNDA:0,Dr
FNDA:0,(anonymous_447)
FNDA:0,zr
FNDA:0,Rr
FNDA:0,(anonymous_450)
FNDA:0,(anonymous_451)
FNDA:0,(anonymous_452)
FNDA:0,qr
FNDA:0,(anonymous_454)
FNDA:0,(anonymous_455)
FNDA:0,Lr
FNDA:0,Mr
FNDA:0,jr
FNDA:0,Pr
FNDA:0,Ir
FNDA:0,Hr
FNDA:0,(anonymous_462)
FNDA:0,Xr
FNDA:0,(anonymous_464)
FNDA:0,Wr
FNDA:0,Kr
FNDA:0,Jr
FNDA:0,Qr
FNDA:0,(anonymous_469)
FNDA:0,(anonymous_470)
FNDA:0,(anonymous_471)
FNDA:0,(anonymous_472)
FNDA:0,(anonymous_473)
FNDA:0,(anonymous_474)
FNDA:0,(anonymous_475)
FNDA:0,(anonymous_476)
FNDA:0,(anonymous_477)
FNDA:0,nn
FNDA:0,(anonymous_479)
FNDA:0,(anonymous_480)
FNDA:0,on
FNDA:0,an
FNDA:0,(anonymous_483)
FNDA:0,sn
FNDA:0,un
FNDA:0,ln
FNDA:0,fn
FNDA:0,pn
FNDA:0,(anonymous_489)
FNDA:0,hn
FNDA:0,(anonymous_491)
FNDA:0,dn
FNDA:0,mn
FNDA:0,gn
FNDA:0,vn
FNDA:0,(anonymous_496)
FNDA:0,(anonymous_497)
FNDA:0,(anonymous_498)
FNDA:0,(anonymous_499)
FNDA:0,bn
FNDA:0,(anonymous_501)
FNDA:0,_n
FNDA:0,wn
FNDA:0,kn
FNDA:0,xn
FNDA:0,An
FNDA:0,(anonymous_507)
FNDA:0,Cn
FNDA:0,(anonymous_509)
FNDA:0,Sn
FNDA:0,(anonymous_511)
FNDA:0,(anonymous_512)
FNDA:0,(anonymous_513)
FNDA:0,En
FNDA:0,Tn
FNDA:0,On
FNDA:0,(anonymous_517)
FNDA:0,(anonymous_518)
FNDA:0,Dn
FNDA:0,zn
FNDA:0,Rn
FNDA:0,qn
FNDA:0,(anonymous_523)
FNDA:0,(anonymous_524)
FNDA:0,(anonymous_525)
FNDA:0,(anonymous_526)
FNDA:0,(anonymous_527)
FNDA:0,(anonymous_528)
FNDA:0,(anonymous_529)
FNDA:0,(anonymous_530)
FNDA:0,Pn
FNDA:0,(anonymous_532)
FNDA:0,(anonymous_533)
FNDA:0,(anonymous_534)
FNDA:0,(anonymous_535)
FNDA:0,(anonymous_536)
FNDA:0,(anonymous_537)
FNDA:0,(anonymous_538)
FNDA:0,(anonymous_539)
FNDA:0,(anonymous_540)
FNDA:0,Xn
FNDA:0,Wn
FNDA:0,Kn
FNDA:0,Jn
FNDA:0,Qn
FNDA:0,eo
FNDA:0,to
FNDA:0,(anonymous_548)
FNDA:0,ao
FNDA:0,uo
FNDA:0,lo
FNDA:0,fo
FNDA:0,po
FNDA:0,ho
FNDA:0,mo
FNDA:0,go
FNDA:0,vo
FNDA:0,yo
FNDA:0,bo
FNDA:0,_o
FNDA:0,wo
FNDA:0,ko
FNDA:0,xo
FNDA:0,(anonymous_564)
FNDA:0,(anonymous_565)
FNDA:0,(anonymous_566)
FNDA:0,So
FNDA:0,Oo
FNDA:0,Do
FNDA:0,zo
FNDA:0,Ro
FNDA:0,l
FNDA:0,f
FNDA:0,r
FNDA:0,p
FNDA:0,h
FNDA:0,d
FNDA:0,m
FNDA:0,v
FNDA:0,y
FNDA:0,b
FNDA:0,_
FNDA:0,w
FNDA:0,k
FNDA:0,x
FNDA:0,A
FNDA:0,C
FNDA:0,S
FNDA:0,E
FNDA:0,T
FNDA:0,O
FNDA:0,D
FNDA:0,R
FNDA:0,(anonymous_594)
FNDA:0,(anonymous_595)
FNDA:0,Lo
FNDA:0,Mo
FNDA:0,(anonymous_598)
FNDA:0,(anonymous_599)
FNDA:0,Po
FNDA:0,Io
FNDA:0,Fo
FNDA:0,Bo
FNDA:0,$o
FNDA:0,Uo
FNDA:0,(anonymous_606)
FNDA:0,Ho
FNDA:0,Wo
FNDA:0,Ko
FNDA:0,o
FNDA:0,Qo
FNDA:0,(anonymous_612)
FNDA:0,ei
FNDA:0,ti
FNDA:0,oi
FNDA:0,ii
FNDA:0,ai
FNDA:0,si
FNDA:0,(anonymous_619)
FNDA:0,(anonymous_620)
FNDA:0,li
FNDA:0,fi
FNDA:0,pi
FNDA:0,(anonymous_624)
FNDA:0,(anonymous_625)
FNDA:0,bi
FNDA:0,ki
FNDA:0,(anonymous_628)
FNDA:0,xi
FNDA:0,(anonymous_630)
FNDA:0,Ai
FNDA:0,(anonymous_632)
FNDA:0,(anonymous_633)
FNDA:0,Li
FNDA:0,(anonymous_635)
FNDA:0,Mi
FNDA:0,ji
FNDA:0,Pi
FNDA:0,(anonymous_639)
FNDA:0,(anonymous_640)
FNDA:0,(anonymous_641)
FNDA:0,Fi
FNDA:0,Ni
FNDA:0,(anonymous_644)
FNDA:0,Bi
FNDA:0,$i
FNDA:0,(anonymous_647)
FNDA:0,(anonymous_648)
FNDA:0,(anonymous_649)
FNDA:0,Ui
FNDA:0,(anonymous_651)
FNDA:0,x
FNDA:0,(anonymous_653)
FNDA:0,Vi
FNDA:0,Hi
FNDA:0,Gi
FNDA:0,(anonymous_657)
FNDA:0,(anonymous_658)
FNDA:0,(anonymous_659)
FNDA:0,(anonymous_660)
FNDA:0,(anonymous_661)
FNDA:0,(anonymous_662)
FNDA:0,(anonymous_663)
FNDA:0,Ji
FNDA:0,(anonymous_665)
FNDA:0,Qi
FNDA:0,ea
FNDA:0,(anonymous_668)
FNDA:0,ta
FNDA:0,ra
FNDA:0,na
FNDA:0,oa
FNDA:0,ia
FNDA:0,(anonymous_674)
FNDA:0,(anonymous_675)
FNDA:0,(anonymous_676)
FNDA:0,(anonymous_677)
FNDA:0,(anonymous_678)
FNDA:0,(anonymous_679)
FNDA:0,ca
FNDA:0,la
FNDA:0,fa
FNDA:0,pa
FNDA:0,ha
FNDA:0,(anonymous_685)
FNDA:0,(anonymous_686)
FNDA:0,(anonymous_687)
FNDA:0,(anonymous_688)
FNDA:0,(anonymous_689)
FNDA:0,(anonymous_690)
FNDA:0,(anonymous_691)
FNDA:0,(anonymous_692)
FNDA:0,(anonymous_693)
FNDA:0,(anonymous_694)
FNDA:0,(anonymous_695)
FNDA:0,e
FNDA:0,(anonymous_697)
FNDA:0,(anonymous_698)
FNDA:0,ba
FNDA:0,_a
FNDA:0,wa
FNDA:0,(anonymous_702)
FNDA:0,(anonymous_703)
FNDA:0,(anonymous_704)
FNDA:0,(anonymous_705)
FNDA:0,(anonymous_706)
FNDA:0,v
FNDA:0,y
FNDA:0,b
FNDA:0,_
FNDA:0,w
FNDA:0,(anonymous_712)
FNDA:0,(anonymous_713)
FNDA:0,(anonymous_714)
FNDA:0,(anonymous_715)
FNDA:0,(anonymous_716)
FNDA:0,(anonymous_717)
FNDA:0,(anonymous_718)
FNDA:0,(anonymous_719)
FNDA:0,(anonymous_720)
FNDA:0,(anonymous_721)
FNDA:0,(anonymous_722)
FNDA:0,(anonymous_723)
FNDA:0,(anonymous_724)
FNDA:0,(anonymous_725)
FNDA:0,(anonymous_726)
FNDA:0,e
FNDA:0,(anonymous_728)
FNDA:0,(anonymous_729)
FNDA:0,(anonymous_730)
FNDA:0,(anonymous_731)
FNDA:0,(anonymous_732)
FNDA:0,(anonymous_733)
FNDA:0,O
FNDA:0,D
FNDA:0,z
FNDA:0,R
FNDA:0,(anonymous_738)
FNDA:0,(anonymous_739)
FNDA:0,(anonymous_740)
FNDA:0,(anonymous_741)
FNDA:0,(anonymous_742)
FNDA:0,(anonymous_743)
FNDA:0,(anonymous_744)
FNDA:0,(anonymous_745)
FNDA:0,(anonymous_746)
FNDA:0,(anonymous_747)
FNDA:0,(anonymous_748)
FNDA:0,(anonymous_749)
FNDA:0,(anonymous_750)
FNDA:0,(anonymous_751)
FNDA:0,(anonymous_752)
FNDA:0,(anonymous_753)
FNDA:0,(anonymous_754)
FNDA:0,(anonymous_755)
FNDA:0,(anonymous_756)
FNDA:0,(anonymous_757)
FNDA:0,(anonymous_758)
FNDA:0,(anonymous_759)
FNDA:0,(anonymous_760)
FNDA:0,o
FNDA:0,(anonymous_762)
FNDA:0,(anonymous_763)
FNDA:0,(anonymous_764)
FNDA:0,(anonymous_765)
FNDA:0,(anonymous_766)
FNDA:0,(anonymous_767)
FNDA:0,(anonymous_768)
FNDA:0,a
FNDA:0,s
FNDA:0,(anonymous_771)
FNDA:0,(anonymous_772)
FNDA:0,u
FNDA:0,c
FNDA:0,l
FNDA:0,f
FNDA:0,p
FNDA:0,(anonymous_778)
FNDA:0,(anonymous_779)
FNDA:0,h
FNDA:0,(anonymous_781)
FNDA:0,(anonymous_782)
FNDA:0,(anonymous_783)
FNDA:0,(anonymous_784)
FNDA:0,(anonymous_785)
FNDA:0,(anonymous_786)
FNDA:0,e
FNDA:0,(anonymous_788)
FNDA:0,(anonymous_789)
FNDA:0,(anonymous_790)
FNDA:0,S
FNDA:0,(anonymous_792)
FNDA:0,(anonymous_793)
FNDA:0,(anonymous_794)
FNDA:0,(anonymous_795)
FNDA:0,(anonymous_796)
FNDA:0,(anonymous_797)
FNDA:0,(anonymous_798)
FNDA:0,(anonymous_799)
FNDA:0,(anonymous_800)
FNDA:0,(anonymous_801)
FNDA:0,(anonymous_802)
FNDA:0,(anonymous_803)
FNDA:0,(anonymous_804)
FNDA:0,(anonymous_805)
FNDA:0,(anonymous_806)
FNDA:0,(anonymous_807)
FNDA:0,(anonymous_808)
FNDA:0,(anonymous_809)
FNDA:0,(anonymous_810)
FNDA:0,(anonymous_811)
FNDA:0,(anonymous_812)
FNDA:0,(anonymous_813)
FNDA:0,(anonymous_814)
FNDA:0,(anonymous_815)
FNDA:0,n
FNDA:0,(anonymous_817)
FNDA:0,(anonymous_818)
FNDA:0,(anonymous_819)
FNDA:0,(anonymous_820)
FNDA:0,(anonymous_821)
FNDA:0,(anonymous_822)
FNDA:0,(anonymous_823)
FNDA:0,(anonymous_824)
FNDA:0,o
FNDA:0,(anonymous_826)
FNDA:0,(anonymous_827)
FNDA:0,(anonymous_828)
FNDA:0,(anonymous_829)
FNDA:0,(anonymous_830)
FNDA:0,(anonymous_831)
FNDA:0,(anonymous_832)
FNDA:0,(anonymous_833)
FNDA:0,(anonymous_834)
FNDA:0,(anonymous_835)
FNDA:0,(anonymous_836)
FNDA:0,(anonymous_837)
FNDA:0,(anonymous_838)
FNDA:0,(anonymous_839)
FNDA:0,(anonymous_840)
FNDA:0,(anonymous_841)
FNDA:0,(anonymous_842)
FNDA:0,(anonymous_843)
FNDA:0,(anonymous_844)
FNDA:0,(anonymous_845)
FNDA:0,(anonymous_846)
FNDA:0,(anonymous_847)
FNDA:0,(anonymous_848)
FNDA:0,(anonymous_849)
FNDA:0,(anonymous_850)
FNDA:0,(anonymous_851)
FNDA:0,(anonymous_852)
FNDA:0,(anonymous_853)
FNDA:0,(anonymous_854)
FNDA:0,(anonymous_855)
FNDA:0,(anonymous_856)
FNDA:0,(anonymous_857)
FNDA:0,(anonymous_858)
FNDA:0,(anonymous_859)
FNDA:0,(anonymous_860)
FNDA:0,(anonymous_861)
FNDA:0,(anonymous_862)
FNDA:0,(anonymous_863)
FNDA:0,(anonymous_864)
FNDA:0,(anonymous_865)
FNDA:0,(anonymous_866)
FNDA:0,(anonymous_867)
FNDA:0,(anonymous_868)
FNDA:0,(anonymous_869)
FNDA:0,(anonymous_870)
FNDA:0,n
FNDA:0,(anonymous_872)
FNDA:0,(anonymous_873)
FNDA:0,(anonymous_874)
FNDA:0,(anonymous_875)
FNDA:0,(anonymous_876)
FNDA:0,(anonymous_877)
FNDA:0,(anonymous_878)
FNDA:0,(anonymous_879)
FNDA:0,(anonymous_880)
FNDA:0,(anonymous_881)
FNDA:0,(anonymous_882)
FNDA:0,(anonymous_883)
FNDA:0,(anonymous_884)
FNDA:0,(anonymous_885)
FNDA:0,(anonymous_886)
FNDA:0,(anonymous_887)
FNDA:0,(anonymous_888)
FNDA:0,(anonymous_889)
FNDA:0,(anonymous_890)
FNDA:0,u
FNDA:0,(anonymous_892)
FNDA:0,(anonymous_893)
FNDA:0,(anonymous_894)
FNDA:0,(anonymous_895)
FNDA:0,(anonymous_896)
FNDA:0,(anonymous_897)
FNDA:0,(anonymous_898)
FNDA:0,(anonymous_899)
FNDA:0,(anonymous_900)
FNDA:0,(anonymous_901)
FNDA:0,(anonymous_902)
FNDA:0,(anonymous_903)
FNDA:0,o
FNDA:0,i
FNDA:0,a
FNDA:0,(anonymous_907)
FNDA:0,(anonymous_908)
FNDA:0,(anonymous_909)
FNDA:0,(anonymous_910)
FNDA:0,(anonymous_911)
FNDA:0,t
FNDA:0,r
FNDA:0,(anonymous_914)
FNDA:0,(anonymous_915)
FNDA:0,(anonymous_916)
FNDA:0,a
FNDA:0,(anonymous_918)
FNDA:0,(anonymous_919)
FNDA:0,(anonymous_920)
FNDA:0,(anonymous_921)
FNDA:0,(anonymous_922)
FNDA:0,(anonymous_923)
FNDA:0,(anonymous_924)
FNDA:0,(anonymous_925)
FNDA:0,(anonymous_926)
FNDA:0,(anonymous_927)
FNDA:0,o
FNDA:0,i
FNDA:0,(anonymous_930)
FNDA:0,(anonymous_931)
FNDA:0,(anonymous_932)
FNDA:0,(anonymous_933)
FNDA:0,(anonymous_934)
FNDA:0,(anonymous_935)
FNDA:0,(anonymous_936)
FNDA:0,(anonymous_937)
FNDA:0,(anonymous_938)
FNDA:0,a
FNDA:0,s
FNDA:0,(anonymous_941)
FNDA:0,(anonymous_942)
FNDA:0,(anonymous_943)
FNDA:0,(anonymous_944)
FNDA:0,(anonymous_945)
FNDA:0,(anonymous_946)
FNDA:0,(anonymous_947)
FNDA:0,(anonymous_948)
FNDA:0,(anonymous_949)
FNDA:0,(anonymous_950)
FNDA:0,(anonymous_951)
FNDA:0,c
FNDA:0,(anonymous_953)
FNDA:0,(anonymous_954)
FNDA:0,(anonymous_955)
FNDA:0,(anonymous_956)
FNDA:0,(anonymous_957)
FNDA:0,o
FNDA:0,(anonymous_959)
FNDA:0,(anonymous_960)
FNDA:0,(anonymous_961)
FNDA:0,(anonymous_962)
FNDA:0,(anonymous_963)
FNDA:0,(anonymous_964)
FNDA:0,(anonymous_965)
FNDA:0,(anonymous_966)
FNDA:0,(anonymous_967)
FNDA:0,r
FNDA:0,(anonymous_969)
FNDA:0,(anonymous_970)
FNDA:0,(anonymous_971)
FNDA:0,(anonymous_972)
FNDA:0,(anonymous_973)
FNDA:0,(anonymous_974)
FNDA:0,(anonymous_975)
FNDA:0,(anonymous_976)
FNDA:0,(anonymous_977)
FNDA:0,(anonymous_978)
FNDA:0,(anonymous_979)
FNDA:0,(anonymous_980)
FNDA:0,(anonymous_981)
FNDA:0,(anonymous_982)
FNDA:0,(anonymous_983)
FNDA:0,(anonymous_984)
FNDA:0,(anonymous_985)
FNDA:0,(anonymous_986)
FNDA:0,(anonymous_987)
FNDA:0,(anonymous_988)
FNDA:0,(anonymous_989)
FNDA:0,(anonymous_990)
FNDA:0,(anonymous_991)
FNDA:0,(anonymous_992)
FNDA:0,(anonymous_993)
FNDA:0,(anonymous_994)
FNDA:0,(anonymous_995)
FNDA:0,(anonymous_996)
FNDA:0,(anonymous_997)
FNDA:0,(anonymous_998)
FNDA:0,(anonymous_999)
FNDA:0,r
FNDA:0,(anonymous_1001)
FNDA:0,(anonymous_1002)
FNDA:0,(anonymous_1003)
FNDA:0,(anonymous_1004)
FNDA:0,(anonymous_1005)
FNDA:0,(anonymous_1006)
FNDA:0,(anonymous_1007)
FNDA:0,(anonymous_1008)
FNDA:0,(anonymous_1009)
FNDA:0,(anonymous_1010)
FNDA:0,(anonymous_1011)
FNDA:0,(anonymous_1012)
FNDA:0,(anonymous_1013)
FNDA:0,(anonymous_1014)
FNDA:0,(anonymous_1015)
FNDA:0,(anonymous_1016)
FNDA:0,(anonymous_1017)
FNDA:0,(anonymous_1018)
FNDA:0,(anonymous_1019)
FNDA:0,(anonymous_1020)
FNDA:0,(anonymous_1021)
FNDA:0,(anonymous_1022)
FNDA:0,(anonymous_1023)
FNDA:0,(anonymous_1024)
FNDA:0,(anonymous_1025)
FNDA:0,(anonymous_1026)
FNDA:0,(anonymous_1027)
FNDA:0,(anonymous_1028)
FNDA:0,(anonymous_1029)
FNDA:0,(anonymous_1030)
FNDA:0,(anonymous_1031)
FNDA:0,l
FNDA:0,p
FNDA:0,(anonymous_1034)
FNDA:0,(anonymous_1035)
FNDA:0,(anonymous_1036)
FNDA:0,(anonymous_1037)
FNDA:0,(anonymous_1038)
FNDA:0,(anonymous_1039)
FNDA:0,(anonymous_1040)
FNDA:0,(anonymous_1041)
FNDA:0,(anonymous_1042)
FNDA:0,(anonymous_1043)
FNDA:0,(anonymous_1044)
FNDA:0,(anonymous_1045)
FNDA:0,(anonymous_1046)
FNDA:0,(anonymous_1047)
FNDA:0,(anonymous_1048)
FNDA:0,(anonymous_1049)
FNDA:0,(anonymous_1050)
FNDA:0,(anonymous_1051)
FNDA:0,(anonymous_1052)
FNDA:0,(anonymous_1053)
FNDA:0,(anonymous_1054)
FNDA:0,(anonymous_1055)
FNDA:0,(anonymous_1056)
FNDA:0,o
FNDA:0,(anonymous_1058)
FNDA:0,(anonymous_1059)
FNDA:0,(anonymous_1060)
FNDA:0,(anonymous_1061)
FNDA:0,(anonymous_1062)
FNDA:0,(anonymous_1063)
FNDA:0,i
FNDA:0,(anonymous_1065)
FNDA:0,(anonymous_1066)
FNDA:0,(anonymous_1067)
FNDA:0,(anonymous_1068)
FNDA:0,(anonymous_1069)
FNDA:0,(anonymous_1070)
FNDA:0,i
FNDA:0,(anonymous_1072)
FNDA:0,(anonymous_1073)
FNDA:0,(anonymous_1074)
FNDA:0,(anonymous_1075)
FNDA:0,(anonymous_1076)
FNDA:0,(anonymous_1077)
FNDA:0,(anonymous_1078)
FNDA:0,(anonymous_1079)
FNDA:0,(anonymous_1080)
FNDA:0,(anonymous_1081)
FNDA:0,(anonymous_1082)
FNDA:0,(anonymous_1083)
FNDA:0,(anonymous_1084)
FNDA:0,(anonymous_1085)
FNDA:0,(anonymous_1086)
FNDA:0,(anonymous_1087)
FNDA:0,(anonymous_1088)
FNDA:0,(anonymous_1089)
FNDA:0,(anonymous_1090)
FNDA:0,(anonymous_1091)
FNDA:0,(anonymous_1092)
FNDA:0,(anonymous_1093)
FNDA:0,(anonymous_1094)
FNDA:0,(anonymous_1095)
FNDA:0,n
FNDA:0,(anonymous_1097)
FNDA:0,(anonymous_1098)
FNDA:0,(anonymous_1099)
FNDA:0,(anonymous_1100)
FNDA:0,(anonymous_1101)
FNDA:0,(anonymous_1102)
FNDA:0,(anonymous_1103)
FNDA:0,(anonymous_1104)
FNDA:0,(anonymous_1105)
FNDA:0,(anonymous_1106)
FNDA:0,(anonymous_1107)
FNDA:0,(anonymous_1108)
FNDA:0,(anonymous_1109)
FNDA:0,o
FNDA:0,(anonymous_1111)
FNDA:0,(anonymous_1112)
FNDA:0,(anonymous_1113)
FNDA:0,(anonymous_1114)
FNDA:0,(anonymous_1115)
FNDA:0,(anonymous_1116)
FNDA:0,(anonymous_1117)
FNDA:0,s
FNDA:0,(anonymous_1119)
FNDA:0,(anonymous_1120)
FNDA:0,(anonymous_1121)
FNDA:0,(anonymous_1122)
FNDA:0,(anonymous_1123)
FNDA:0,(anonymous_1124)
FNDA:0,(anonymous_1125)
FNDA:0,(anonymous_1126)
FNDA:0,(anonymous_1127)
FNDA:0,(anonymous_1128)
FNDA:0,(anonymous_1129)
FNDA:0,(anonymous_1130)
FNDA:0,(anonymous_1131)
FNDA:0,(anonymous_1132)
FNDA:0,(anonymous_1133)
FNDA:0,(anonymous_1134)
FNDA:0,(anonymous_1135)
FNDA:0,(anonymous_1136)
FNDA:0,(anonymous_1137)
FNDA:0,(anonymous_1138)
FNDA:0,(anonymous_1139)
FNDA:0,(anonymous_1140)
FNDA:0,(anonymous_1141)
FNDA:0,(anonymous_1142)
FNDA:0,(anonymous_1143)
FNDA:0,(anonymous_1144)
FNDA:0,(anonymous_1145)
FNDA:0,(anonymous_1146)
FNDA:0,(anonymous_1147)
FNDA:0,n
FNDA:0,o
FNDA:0,(anonymous_1150)
FNDA:0,(anonymous_1151)
FNDA:0,(anonymous_1152)
FNDA:0,(anonymous_1153)
FNDA:0,s
FNDA:0,u
FNDA:0,(anonymous_1156)
FNDA:0,(anonymous_1157)
FNDA:0,(anonymous_1158)
FNDA:0,(anonymous_1159)
FNDA:0,(anonymous_1160)
FNDA:0,(anonymous_1161)
FNDA:0,(anonymous_1162)
FNDA:0,i
FNDA:0,(anonymous_1164)
FNDA:0,(anonymous_1165)
FNDA:0,(anonymous_1166)
FNDA:0,(anonymous_1167)
FNDA:0,(anonymous_1168)
FNDA:0,(anonymous_1169)
FNDA:0,(anonymous_1170)
FNDA:0,(anonymous_1171)
FNDA:0,(anonymous_1172)
FNDA:0,(anonymous_1173)
FNDA:0,(anonymous_1174)
FNDA:0,(anonymous_1175)
FNDA:0,(anonymous_1176)
FNDA:0,(anonymous_1177)
FNDA:0,(anonymous_1178)
FNDA:0,(anonymous_1179)
FNDA:0,(anonymous_1180)
FNDA:0,(anonymous_1181)
FNDA:0,(anonymous_1182)
FNDA:0,(anonymous_1183)
FNDA:0,(anonymous_1184)
FNDA:0,(anonymous_1185)
FNDA:0,n
FNDA:0,o
FNDA:0,i
FNDA:0,a
FNDA:0,(anonymous_1190)
FNDA:0,(anonymous_1191)
FNDA:0,(anonymous_1192)
FNDA:0,(anonymous_1193)
FNDA:0,u
FNDA:0,(anonymous_1195)
FNDA:0,(anonymous_1196)
FNDA:0,d
FNDA:0,m
FNDA:0,(anonymous_1199)
FNDA:0,g
FNDA:0,(anonymous_1201)
FNDA:0,(anonymous_1202)
FNDA:0,(anonymous_1203)
FNDA:0,y
FNDA:0,b
FNDA:0,w
FNDA:0,k
FNDA:0,x
FNDA:0,A
FNDA:0,(anonymous_1210)
FNDA:0,C
FNDA:0,S
FNDA:0,E
FNDA:0,T
FNDA:0,O
FNDA:0,(anonymous_1216)
FNDA:0,P
FNDA:0,I
FNDA:0,F
FNDA:0,(anonymous_1220)
FNDA:0,N
FNDA:0,(anonymous_1222)
FNDA:0,B
FNDA:0,(anonymous_1224)
FNDA:0,$
FNDA:0,U
FNDA:0,V
FNDA:0,H
FNDA:0,G
FNDA:0,Y
FNDA:0,Z
FNDA:0,X
FNDA:0,W
FNDA:0,J
FNDA:0,Q
FNDA:0,(anonymous_1236)
FNDA:0,(anonymous_1237)
FNDA:0,(anonymous_1238)
FNDA:0,(anonymous_1239)
FNDA:0,ie
FNDA:0,ae
FNDA:0,se
FNDA:0,(anonymous_1243)
FNDA:0,(anonymous_1244)
FNDA:0,(anonymous_1245)
FNDA:0,(anonymous_1246)
FNDA:0,(anonymous_1247)
FNDA:0,(anonymous_1248)
FNDA:0,ce
FNDA:0,(anonymous_1250)
FNDA:0,le
FNDA:0,(anonymous_1252)
FNDA:0,fe
FNDA:0,pe
FNDA:0,he
FNDA:0,a
FNDA:0,s
FNDA:0,(anonymous_1258)
FNDA:0,(anonymous_1259)
FNDA:0,u
FNDA:0,c
FNDA:0,l
FNDA:0,de
FNDA:0,me
FNDA:0,ve
FNDA:0,be
FNDA:0,_e
FNDA:0,ke
FNDA:0,(anonymous_1269)
FNDA:0,xe
FNDA:0,(anonymous_1271)
FNDA:0,(anonymous_1272)
FNDA:0,(anonymous_1273)
FNDA:0,Ae
FNDA:0,Ce
FNDA:0,Se
FNDA:0,Ee
FNDA:0,Te
FNDA:0,Oe
FNDA:0,De
FNDA:0,Re
FNDA:0,(anonymous_1282)
FNDA:0,Le
FNDA:0,Me
FNDA:0,je
FNDA:0,(anonymous_1286)
FNDA:0,(anonymous_1287)
FNDA:0,Pe
FNDA:0,(anonymous_1289)
FNDA:0,(anonymous_1290)
FNDA:0,(anonymous_1291)
FNDA:0,(anonymous_1292)
FNDA:0,Ie
FNDA:0,(anonymous_1294)
FNDA:0,(anonymous_1295)
FNDA:0,Fe
FNDA:0,Be
FNDA:0,$e
FNDA:0,(anonymous_1299)
FNDA:0,(anonymous_1300)
FNDA:0,t
FNDA:0,(anonymous_1302)
FNDA:0,He
FNDA:0,Ge
FNDA:0,Ye
FNDA:0,(anonymous_1306)
FNDA:0,(anonymous_1307)
FNDA:0,Ze
FNDA:0,Xe
FNDA:0,We
FNDA:0,Ke
FNDA:0,(anonymous_1312)
FNDA:0,Je
FNDA:0,(anonymous_1314)
FNDA:0,Qe
FNDA:0,(anonymous_1316)
FNDA:0,(anonymous_1317)
FNDA:0,(anonymous_1318)
FNDA:0,et
FNDA:0,(anonymous_1320)
FNDA:0,(anonymous_1321)
FNDA:0,(anonymous_1322)
FNDA:0,(anonymous_1323)
FNDA:0,(anonymous_1324)
FNDA:0,(anonymous_1325)
FNDA:0,(anonymous_1326)
FNDA:0,(anonymous_1327)
FNDA:0,(anonymous_1328)
FNDA:0,(anonymous_1329)
FNDA:0,(anonymous_1330)
FNDA:0,(anonymous_1331)
FNDA:0,(anonymous_1332)
FNDA:0,(anonymous_1333)
FNDA:0,(anonymous_1334)
FNDA:0,(anonymous_1335)
FNDA:0,(anonymous_1336)
FNDA:0,(anonymous_1337)
FNDA:0,(anonymous_1338)
FNDA:0,(anonymous_1339)
FNDA:0,(anonymous_1340)
FNDA:0,(anonymous_1341)
FNDA:0,(anonymous_1342)
FNDA:0,t
FNDA:0,(anonymous_1344)
FNDA:0,(anonymous_1345)
FNDA:0,(anonymous_1346)
FNDA:0,(anonymous_1347)
FNDA:0,(anonymous_1348)
FNDA:0,(anonymous_1349)
FNDA:0,(anonymous_1350)
FNDA:0,(anonymous_1351)
FNDA:0,(anonymous_1352)
FNDA:0,rt
FNDA:0,(anonymous_1354)
FNDA:0,t
FNDA:0,(anonymous_1356)
FNDA:0,(anonymous_1357)
FNDA:0,(anonymous_1358)
FNDA:0,(anonymous_1359)
FNDA:0,(anonymous_1360)
FNDA:0,(anonymous_1361)
FNDA:0,(anonymous_1362)
FNDA:0,(anonymous_1363)
FNDA:0,(anonymous_1364)
FNDA:0,(anonymous_1365)
FNDA:0,ot
FNDA:0,it
FNDA:0,at
FNDA:0,st
FNDA:0,ut
FNDA:0,ct
FNDA:0,(anonymous_1372)
FNDA:0,t
FNDA:0,(anonymous_1374)
FNDA:0,(anonymous_1375)
FNDA:0,(anonymous_1376)
FNDA:0,(anonymous_1377)
FNDA:0,(anonymous_1378)
FNDA:0,(anonymous_1379)
FNDA:0,(anonymous_1380)
FNDA:0,(anonymous_1381)
FNDA:0,(anonymous_1382)
FNDA:0,(anonymous_1383)
FNDA:0,ht
FNDA:0,(anonymous_1385)
FNDA:0,dt
FNDA:0,(anonymous_1387)
FNDA:0,(anonymous_1388)
FNDA:0,(anonymous_1389)
FNDA:0,(anonymous_1390)
FNDA:0,(anonymous_1391)
FNDA:0,(anonymous_1392)
FNDA:0,(anonymous_1393)
FNDA:0,(anonymous_1394)
FNDA:0,(anonymous_1395)
FNDA:0,(anonymous_1396)
FNDA:0,(anonymous_1397)
FNDA:0,(anonymous_1398)
FNDA:0,(anonymous_1399)
FNDA:0,(anonymous_1400)
FNDA:0,(anonymous_1401)
FNDA:0,(anonymous_1402)
FNDA:0,(anonymous_1403)
FNDA:0,(anonymous_1404)
FNDA:0,(anonymous_1405)
FNDA:0,(anonymous_1406)
FNDA:0,(anonymous_1407)
FNDA:0,(anonymous_1408)
FNDA:0,(anonymous_1409)
FNDA:0,(anonymous_1410)
FNDA:0,(anonymous_1411)
FNDA:0,o
FNDA:0,(anonymous_1413)
FNDA:0,(anonymous_1414)
FNDA:0,(anonymous_1415)
FNDA:0,(anonymous_1416)
FNDA:0,(anonymous_1417)
FNDA:0,(anonymous_1418)
FNDA:0,o
FNDA:0,i
FNDA:0,(anonymous_1421)
FNDA:0,(anonymous_1422)
FNDA:0,(anonymous_1423)
FNDA:0,(anonymous_1424)
FNDA:0,(anonymous_1425)
FNDA:0,(anonymous_1426)
FNDA:0,(anonymous_1427)
FNDA:0,(anonymous_1428)
FNDA:0,(anonymous_1429)
FNDA:0,(anonymous_1430)
FNDA:0,(anonymous_1431)
FNDA:0,(anonymous_1432)
FNDA:0,(anonymous_1433)
FNDA:0,(anonymous_1434)
FNDA:0,(anonymous_1435)
FNDA:0,(anonymous_1436)
FNDA:0,(anonymous_1437)
FNDA:0,(anonymous_1438)
FNDA:0,(anonymous_1439)
FNDA:0,(anonymous_1440)
FNDA:0,(anonymous_1441)
FNDA:0,(anonymous_1442)
FNDA:0,(anonymous_1443)
FNDA:0,(anonymous_1444)
FNDA:0,o
FNDA:0,i
FNDA:0,(anonymous_1447)
FNDA:0,(anonymous_1448)
FNDA:0,(anonymous_1449)
FNDA:0,(anonymous_1450)
FNDA:0,(anonymous_1451)
FNDA:0,(anonymous_1452)
FNDA:0,(anonymous_1453)
FNDA:0,(anonymous_1454)
FNDA:0,(anonymous_1455)
FNDA:0,(anonymous_1456)
FNDA:0,(anonymous_1457)
FNDA:0,(anonymous_1458)
FNDA:0,(anonymous_1459)
FNDA:0,(anonymous_1460)
FNDA:0,(anonymous_1461)
FNDA:0,(anonymous_1462)
FNDA:0,(anonymous_1463)
FNDA:0,(anonymous_1464)
FNDA:0,(anonymous_1465)
FNDA:0,r
FNDA:0,(anonymous_1467)
FNDA:0,z
FNDA:0,(anonymous_1469)
FNDA:0,(anonymous_1470)
FNDA:0,(anonymous_1471)
FNDA:0,(anonymous_1472)
FNDA:0,(anonymous_1473)
FNDA:0,(anonymous_1474)
FNDA:0,(anonymous_1475)
FNDA:0,(anonymous_1476)
FNDA:0,(anonymous_1477)
FNDA:0,(anonymous_1478)
FNDA:0,(anonymous_1479)
FNDA:0,(anonymous_1480)
FNDA:0,(anonymous_1481)
FNDA:0,(anonymous_1482)
FNDA:0,(anonymous_1483)
FNDA:0,(anonymous_1484)
FNDA:0,(anonymous_1485)
FNDA:0,(anonymous_1486)
FNDA:0,(anonymous_1487)
FNDA:0,(anonymous_1488)
FNDA:0,(anonymous_1489)
FNDA:0,(anonymous_1490)
FNDA:0,(anonymous_1491)
FNDA:0,(anonymous_1492)
FNDA:0,(anonymous_1493)
FNDA:0,(anonymous_1494)
FNDA:0,(anonymous_1495)
FNDA:0,(anonymous_1496)
FNDA:0,(anonymous_1497)
FNDA:0,(anonymous_1498)
FNDA:0,(anonymous_1499)
FNDA:0,(anonymous_1500)
FNDA:0,(anonymous_1501)
FNDA:0,(anonymous_1502)
FNDA:0,(anonymous_1503)
FNDA:0,(anonymous_1504)
FNDA:0,(anonymous_1505)
FNDA:0,(anonymous_1506)
FNDA:0,(anonymous_1507)
FNDA:0,(anonymous_1508)
FNDA:0,(anonymous_1509)
FNDA:0,e
FNDA:0,(anonymous_1511)
FNDA:0,(anonymous_1512)
FNDA:0,(anonymous_1513)
FNDA:0,i
FNDA:0,m
FNDA:0,(anonymous_1516)
FNDA:0,(anonymous_1517)
FNDA:0,(anonymous_1518)
FNDA:0,(anonymous_1519)
FNDA:0,(anonymous_1520)
FNDA:0,a
FNDA:0,s
FNDA:0,u
FNDA:0,c
FNDA:0,l
FNDA:0,(anonymous_1526)
FNDA:0,(anonymous_1527)
FNDA:0,(anonymous_1528)
FNDA:0,(anonymous_1529)
FNDA:0,(anonymous_1530)
FNDA:0,r
FNDA:0,n
FNDA:0,(anonymous_1533)
FNDA:0,o
FNDA:0,i
FNDA:0,a
FNDA:0,(anonymous_1537)
FNDA:0,(anonymous_1538)
FNDA:0,(anonymous_1539)
FNDA:0,(anonymous_1540)
FNDA:0,(anonymous_1541)
FNDA:0,(anonymous_1542)
FNDA:0,(anonymous_1543)
FNDA:0,(anonymous_1544)
FNDA:0,(anonymous_1545)
FNDA:0,(anonymous_1546)
FNDA:0,(anonymous_1547)
FNDA:0,(anonymous_1548)
FNDA:0,(anonymous_1549)
FNDA:0,(anonymous_1550)
FNDA:0,(anonymous_1551)
FNDA:0,i
FNDA:0,(anonymous_1553)
FNDA:0,(anonymous_1554)
FNDA:0,(anonymous_1555)
FNDA:0,(anonymous_1556)
FNDA:0,(anonymous_1557)
FNDA:0,r
FNDA:0,n
FNDA:0,(anonymous_1560)
FNDA:0,c
FNDA:0,l
FNDA:0,(anonymous_1563)
FNDA:0,(anonymous_1564)
FNDA:0,(anonymous_1565)
FNDA:0,(anonymous_1566)
FNDA:0,(anonymous_1567)
FNDA:0,(anonymous_1568)
FNDA:0,(anonymous_1569)
FNDA:0,(anonymous_1570)
FNDA:0,(anonymous_1571)
FNDA:0,(anonymous_1572)
FNDA:0,(anonymous_1573)
FNDA:0,(anonymous_1574)
FNDA:0,(anonymous_1575)
FNDA:0,(anonymous_1576)
FNDA:0,f
FNDA:0,p
FNDA:0,(anonymous_1579)
FNDA:0,(anonymous_1580)
FNDA:0,d
FNDA:0,(anonymous_1582)
FNDA:0,(anonymous_1583)
FNDA:0,(anonymous_1584)
FNDA:0,(anonymous_1585)
FNDA:0,(anonymous_1586)
FNDA:0,(anonymous_1587)
FNDA:0,(anonymous_1588)
FNDA:0,(anonymous_1589)
FNDA:0,(anonymous_1590)
FNDA:0,(anonymous_1591)
FNDA:0,(anonymous_1592)
FNDA:0,(anonymous_1593)
FNDA:0,(anonymous_1594)
FNDA:0,(anonymous_1595)
FNDA:0,(anonymous_1596)
FNDA:0,(anonymous_1597)
FNDA:0,(anonymous_1598)
FNDA:0,(anonymous_1599)
FNDA:0,(anonymous_1600)
FNDA:0,(anonymous_1601)
FNDA:0,(anonymous_1602)
FNDA:0,a
FNDA:0,(anonymous_1604)
FNDA:0,s
FNDA:0,u
FNDA:0,c
FNDA:0,l
FNDA:0,f
FNDA:0,p
FNDA:0,h
FNDA:0,d
FNDA:0,m
FNDA:0,g
FNDA:0,v
FNDA:0,y
[...]
BRDA:26,3309,0,0
BRDA:26,3309,1,0
BRDA:26,3309,2,0
BRDA:26,3310,0,0
BRDA:26,3310,1,0
BRDA:26,3311,0,0
BRDA:26,3311,1,0
BRDA:26,3312,0,0
BRDA:26,3312,1,0
BRDA:26,3313,0,0
BRDA:26,3313,1,0
BRDA:26,3314,0,0
BRDA:26,3314,1,0
BRDA:26,3315,0,0
BRDA:26,3315,1,0
BRDA:26,3316,0,0
BRDA:26,3316,1,0
BRDA:26,3317,0,0
BRDA:26,3317,1,0
BRDA:26,3318,0,0
BRDA:26,3318,1,0
BRDA:26,3319,0,0
BRDA:26,3319,1,0
BRDA:26,3319,2,0
BRDA:26,3320,0,0
BRDA:26,3320,1,0
BRDA:26,3321,0,0
BRDA:26,3321,1,0
BRDA:26,3322,0,0
BRDA:26,3322,1,0
BRDA:26,3323,0,0
BRDA:26,3323,1,0
BRDA:26,3323,2,0
BRDA:26,3324,0,0
BRDA:26,3324,1,0
BRDA:26,3325,0,0
BRDA:26,3325,1,0
BRDA:26,3326,0,0
BRDA:26,3326,1,0
BRDA:26,3326,2,0
BRDA:26,3326,3,0
BRDA:26,3327,0,0
BRDA:26,3327,1,0
BRDA:26,3328,0,0
BRDA:26,3328,1,0
BRDA:26,3328,2,0
BRDA:26,3328,3,0
BRDA:26,3329,0,0
BRDA:26,3329,1,0
BRDA:26,3330,0,0
BRDA:26,3330,1,0
BRDA:26,3331,0,0
BRDA:26,3331,1,0
BRDA:26,3332,0,0
BRDA:26,3332,1,0
BRDA:26,3333,0,0
BRDA:26,3333,1,0
BRDA:26,3334,0,0
BRDA:26,3334,1,0
BRDA:26,3335,0,0
BRDA:26,3335,1,0
BRDA:26,3336,0,0
BRDA:26,3336,1,0
BRDA:26,3337,0,0
BRDA:26,3337,1,0
BRDA:26,3338,0,0
BRDA:26,3338,1,0
BRDA:26,3339,0,0
BRDA:26,3339,1,0
BRDA:26,3340,0,0
BRDA:26,3340,1,0
BRDA:26,3341,0,0
BRDA:26,3341,1,0
BRDA:26,3342,0,0
BRDA:26,3342,1,0
BRDA:26,3343,0,0
BRDA:26,3343,1,0
BRDA:26,3344,0,0
BRDA:26,3344,1,0
BRDA:26,3345,0,0
BRDA:26,3345,1,0
BRDA:26,3346,0,0
BRDA:26,3346,1,0
BRDA:26,3347,0,0
BRDA:26,3347,1,0
BRDA:26,3348,0,0
BRDA:26,3348,1,0
BRDA:26,3349,0,0
BRDA:26,3349,1,0
BRDA:26,3350,0,0
BRDA:26,3350,1,0
BRDA:26,3351,0,0
BRDA:26,3351,1,0
BRDA:26,3352,0,0
BRDA:26,3352,1,0
BRDA:26,3353,0,0
BRDA:26,3353,1,0
BRDA:26,3354,0,0
BRDA:26,3354,1,0
BRDA:26,3355,0,0
BRDA:26,3355,1,0
BRDA:26,3356,0,0
BRDA:26,3356,1,0
BRDA:26,3357,0,0
BRDA:26,3357,1,0
BRDA:26,3358,0,0
BRDA:26,3358,1,0
BRDA:26,3359,0,0
BRDA:26,3359,1,0
BRDA:26,3360,0,0
BRDA:26,3360,1,0
BRDA:26,3360,2,0
BRDA:26,3361,0,0
BRDA:26,3361,1,0
BRDA:26,3362,0,0
BRDA:26,3362,1,0
BRDA:26,3363,0,0
BRDA:26,3363,1,0
BRDA:26,3364,0,0
BRDA:26,3364,1,0
BRDA:26,3365,0,0
BRDA:26,3365,1,0
BRDA:26,3366,0,0
BRDA:26,3366,1,0
BRDA:26,3367,0,0
BRDA:26,3367,1,0
BRDA:26,3368,0,0
BRDA:26,3368,1,0
BRDA:26,3369,0,0
BRDA:26,3369,1,0
BRDA:26,3370,0,0
BRDA:26,3370,1,0
BRDA:26,3371,0,0
BRDA:26,3371,1,0
BRDA:26,3372,0,0
BRDA:26,3372,1,0
BRDA:26,3373,0,0
BRDA:26,3373,1,0
BRDA:26,3374,0,0
BRDA:26,3374,1,0
BRDA:26,3375,0,0
BRDA:26,3375,1,0
BRDA:26,3376,0,0
BRDA:26,3376,1,0
BRDA:26,3376,2,0
BRDA:26,3377,0,0
BRDA:26,3377,1,0
BRDA:26,3378,0,0
BRDA:26,3378,1,0
BRDA:26,3379,0,0
BRDA:26,3379,1,0
BRDA:26,3380,0,0
BRDA:26,3380,1,0
BRDA:26,3381,0,0
BRDA:26,3381,1,0
BRDA:26,3382,0,0
BRDA:26,3382,1,0
BRDA:26,3383,0,0
BRDA:26,3383,1,0
BRDA:26,3384,0,0
BRDA:26,3384,1,0
BRDA:26,3385,0,0
BRDA:26,3385,1,0
BRDA:26,3386,0,0
BRDA:26,3386,1,0
BRDA:26,3386,2,0
BRDA:26,3387,0,0
BRDA:26,3387,1,0
BRDA:26,3388,0,0
BRDA:26,3388,1,0
BRDA:26,3389,0,0
BRDA:26,3389,1,0
BRDA:26,3389,2,0
BRDA:26,3390,0,0
BRDA:26,3390,1,0
BRDA:26,3391,0,0
BRDA:26,3391,1,0
BRDA:26,3392,0,0
BRDA:26,3392,1,0
BRDA:26,3393,0,0
BRDA:26,3393,1,0
BRDA:26,3393,2,0
BRDA:26,3394,0,0
BRDA:26,3394,1,0
BRDA:26,3395,0,0
BRDA:26,3395,1,0
BRDA:26,3396,0,0
BRDA:26,3396,1,0
BRDA:26,3397,0,0
BRDA:26,3397,1,0
BRDA:26,3398,0,0
BRDA:26,3398,1,0
BRDA:26,3399,0,0
BRDA:26,3399,1,0
BRDA:26,3400,0,0
BRDA:26,3400,1,0
BRDA:26,3401,0,0
BRDA:26,3401,1,0
BRDA:26,3402,0,0
BRDA:26,3402,1,0
BRDA:26,3403,0,0
BRDA:26,3403,1,0
BRDA:26,3404,0,0
BRDA:26,3404,1,0
BRDA:26,3404,2,0
BRDA:26,3404,3,0
BRDA:26,3405,0,0
BRDA:26,3405,1,0
BRDA:26,3405,2,0
BRDA:26,3405,3,0
BRDA:26,3406,0,0
BRDA:26,3406,1,0
BRDA:26,3406,2,0
BRDA:26,3406,3,0
BRDA:26,3407,0,0
BRDA:26,3407,1,0
BRDA:26,3407,2,0
BRDA:26,3407,3,0
BRDA:26,3408,0,0
BRDA:26,3408,1,0
BRDA:26,3409,0,0
BRDA:26,3409,1,0
BRDA:26,3410,0,0
BRDA:26,3410,1,0
BRDA:26,3410,2,0
BRDA:26,3410,3,0
BRDA:26,3411,0,0
BRDA:26,3411,1,0
BRDA:26,3412,0,0
BRDA:26,3412,1,0
BRDA:26,3413,0,0
BRDA:26,3413,1,0
BRDA:26,3414,0,0
BRDA:26,3414,1,0
BRDA:26,3415,0,0
BRDA:26,3415,1,0
BRDA:26,3416,0,0
BRDA:26,3416,1,0
BRDA:26,3417,0,0
BRDA:26,3417,1,0
BRDA:26,3418,0,0
BRDA:26,3418,1,0
BRDA:26,3419,0,0
BRDA:26,3419,1,0
BRDA:26,3420,0,0
BRDA:26,3420,1,0
BRDA:26,3421,0,0
BRDA:26,3421,1,0
BRDA:26,3422,0,0
BRDA:26,3422,1,0
BRDA:26,3423,0,0
BRDA:26,3423,1,0
BRDA:26,3424,0,0
BRDA:26,3424,1,0
BRDA:26,3425,0,0
BRDA:26,3425,1,0
BRDA:26,3426,0,0
BRDA:26,3426,1,0
BRDA:26,3427,0,0
BRDA:26,3427,1,0
BRDA:26,3427,2,0
BRDA:26,3427,3,0
BRDA:26,3428,0,0
BRDA:26,3428,1,0
BRDA:26,3429,0,0
BRDA:26,3429,1,0
BRDA:26,3430,0,0
BRDA:26,3430,1,0
BRDA:26,3431,0,0
BRDA:26,3431,1,0
BRDA:26,3431,2,0
BRDA:26,3432,0,0
BRDA:26,3432,1,0
BRDA:26,3432,2,0
BRDA:26,3432,3,0
BRDA:26,3432,4,0
BRDA:26,3433,0,0
BRDA:26,3433,1,0
BRDA:26,3434,0,0
BRDA:26,3434,1,0
BRDA:26,3435,0,0
BRDA:26,3435,1,0
BRDA:26,3436,0,0
BRDA:26,3436,1,0
BRDA:26,3437,0,0
BRDA:26,3437,1,0
BRDA:26,3438,0,0
BRDA:26,3438,1,0
BRDA:26,3439,0,0
BRDA:26,3439,1,0
BRDA:26,3440,0,0
BRDA:26,3440,1,0
BRDA:26,3441,0,0
BRDA:26,3441,1,0
BRDA:26,3442,0,0
BRDA:26,3442,1,0
BRDA:26,3443,0,0
BRDA:26,3443,1,0
BRDA:26,3444,0,0
BRDA:26,3444,1,0
BRDA:26,3445,0,0
BRDA:26,3445,1,0
BRDA:26,3446,0,0
BRDA:26,3446,1,0
BRDA:26,3447,0,0
BRDA:26,3447,1,0
BRDA:26,3448,0,0
BRDA:26,3448,1,0
BRDA:26,3449,0,0
BRDA:26,3449,1,0
BRDA:26,3450,0,0
BRDA:26,3450,1,0
BRDA:26,3451,0,0
BRDA:26,3451,1,0
BRDA:26,3452,0,0
BRDA:26,3452,1,0
BRDA:26,3453,0,0
BRDA:26,3453,1,0
BRDA:26,3454,0,0
BRDA:26,3454,1,0
BRDA:26,3455,0,0
BRDA:26,3455,1,0
BRDA:26,3456,0,0
BRDA:26,3456,1,0
BRDA:26,3457,0,0
BRDA:26,3457,1,0
BRDA:26,3458,0,0
BRDA:26,3458,1,0
BRDA:26,3459,0,0
BRDA:26,3459,1,0
BRDA:26,3460,0,0
BRDA:26,3460,1,0
BRDA:26,3461,0,0
BRDA:26,3461,1,0
BRDA:26,3461,2,0
BRDA:26,3462,0,0
BRDA:26,3462,1,0
BRDA:26,3462,2,0
BRDA:26,3463,0,0
BRDA:26,3463,1,0
BRDA:26,3464,0,0
BRDA:26,3464,1,0
BRDA:26,3465,0,0
BRDA:26,3465,1,0
BRDA:26,3466,0,0
BRDA:26,3466,1,0
BRDA:26,3467,0,0
BRDA:26,3467,1,0
BRDA:26,3468,0,0
BRDA:26,3468,1,0
BRDA:26,3469,0,0
BRDA:26,3469,1,0
BRDA:26,3470,0,0
BRDA:26,3470,1,0
BRDA:26,3471,0,0
BRDA:26,3471,1,0
BRDA:26,3472,0,0
BRDA:26,3472,1,0
BRDA:26,3473,0,0
BRDA:26,3473,1,0
BRDA:26,3474,0,0
BRDA:26,3474,1,0
BRDA:26,3475,0,0
BRDA:26,3475,1,0
BRDA:26,3476,0,0
BRDA:26,3476,1,0
BRDA:26,3477,0,0
BRDA:26,3477,1,0
BRDA:26,3477,2,0
BRDA:26,3478,0,0
BRDA:26,3478,1,0
BRDA:26,3479,0,0
BRDA:26,3479,1,0
BRDA:26,3480,0,0
BRDA:26,3480,1,0
BRDA:26,3481,0,0
BRDA:26,3481,1,0
BRDA:26,3482,0,0
BRDA:26,3482,1,0
BRDA:26,3483,0,0
BRDA:26,3483,1,0
BRDA:26,3484,0,0
BRDA:26,3484,1,0
BRDA:26,3485,0,0
BRDA:26,3485,1,0
BRDA:26,3486,0,0
BRDA:26,3486,1,0
BRDA:26,3487,0,0
BRDA:26,3487,1,0
BRDA:26,3487,2,0
BRDA:26,3487,3,0
BRDA:26,3487,4,0
BRDA:26,3487,5,0
BRDA:26,3488,0,0
BRDA:26,3488,1,0
BRDA:26,3489,0,0
BRDA:26,3489,1,0
BRDA:26,3490,0,0
BRDA:26,3490,1,0
BRDA:26,3491,0,0
BRDA:26,3491,1,0
BRDA:26,3492,0,0
BRDA:26,3492,1,0
BRDA:26,3493,0,0
BRDA:26,3493,1,0
BRDA:26,3494,0,0
BRDA:26,3494,1,0
BRDA:26,3495,0,0
BRDA:26,3495,1,0
BRDA:26,3496,0,0
BRDA:26,3496,1,0
BRDA:26,3497,0,0
BRDA:26,3497,1,0
BRDA:26,3498,0,0
BRDA:26,3498,1,0
BRDA:26,3499,0,0
BRDA:26,3499,1,0
BRDA:26,3500,0,0
BRDA:26,3500,1,0
BRDA:26,3501,0,0
BRDA:26,3501,1,0
BRDA:26,3502,0,0
BRDA:26,3502,1,0
BRDA:26,3503,0,0
BRDA:26,3503,1,0
BRDA:26,3504,0,0
BRDA:26,3504,1,0
BRDA:26,3505,0,0
BRDA:26,3505,1,0
BRDA:26,3506,0,0
BRDA:26,3506,1,0
BRDA:26,3507,0,0
BRDA:26,3507,1,0
BRDA:26,3508,0,0
BRDA:26,3508,1,0
BRDA:26,3509,0,0
BRDA:26,3509,1,0
BRDA:26,3510,0,0
BRDA:26,3510,1,0
BRDA:26,3511,0,0
BRDA:26,3511,1,0
BRDA:26,3512,0,0
BRDA:26,3512,1,0
BRDA:26,3513,0,0
BRDA:26,3513,1,0
BRDA:26,3514,0,0
BRDA:26,3514,1,0
BRDA:26,3515,0,0
BRDA:26,3515,1,0
BRDA:26,3516,0,0
BRDA:26,3516,1,0
BRDA:26,3517,0,0
BRDA:26,3517,1,0
BRDA:26,3518,0,0
BRDA:26,3518,1,0
BRDA:26,3519,0,0
BRDA:26,3519,1,0
BRDA:26,3520,0,0
BRDA:26,3520,1,0
BRDA:26,3521,0,0
BRDA:26,3521,1,0
BRDA:26,3522,0,0
BRDA:26,3522,1,0
BRDA:26,3523,0,0
BRDA:26,3523,1,0
BRDA:26,3524,0,0
BRDA:26,3524,1,0
BRDA:26,3525,0,0
BRDA:26,3525,1,0
BRDA:26,3526,0,0
BRDA:26,3526,1,0
BRDA:26,3527,0,0
BRDA:26,3527,1,0
BRDA:26,3528,0,0
BRDA:26,3528,1,0
BRDA:26,3529,0,0
BRDA:26,3529,1,0
BRDA:26,3530,0,0
BRDA:26,3530,1,0
BRDA:26,3530,2,0
BRDA:26,3530,3,0
BRDA:26,3530,4,0
BRDA:26,3531,0,0
BRDA:26,3531,1,0
BRDA:26,3531,2,0
BRDA:26,3532,0,0
BRDA:26,3532,1,0
BRDA:26,3532,2,0
BRDA:26,3533,0,0
BRDA:26,3533,1,0
BRDA:26,3534,0,0
BRDA:26,3534,1,0
BRDA:26,3535,0,0
BRDA:26,3535,1,0
BRDA:26,3536,0,0
BRDA:26,3536,1,0
BRDA:26,3537,0,0
BRDA:26,3537,1,0
BRDA:26,3538,0,0
BRDA:26,3538,1,0
BRDA:26,3539,0,0
BRDA:26,3539,1,0
BRDA:26,3540,0,0
BRDA:26,3540,1,0
BRDA:26,3541,0,0
BRDA:26,3541,1,0
BRDA:26,3542,0,0
BRDA:26,3542,1,0
BRDA:26,3543,0,0
BRDA:26,3543,1,0
BRDA:26,3544,0,0
BRDA:26,3544,1,0
BRDA:26,3545,0,0
BRDA:26,3545,1,0
BRDA:26,3546,0,0
BRDA:26,3546,1,0
BRDA:26,3547,0,0
BRDA:26,3547,1,0
BRDA:26,3548,0,0
BRDA:26,3548,1,0
BRDA:26,3549,0,0
BRDA:26,3549,1,0
BRDA:26,3549,2,0
BRDA:26,3550,0,0
BRDA:26,3550,1,0
BRDA:26,3551,0,0
BRDA:26,3551,1,0
BRDA:26,3552,0,0
BRDA:26,3552,1,0
BRDA:26,3553,0,0
BRDA:26,3553,1,0
BRDA:26,3553,2,0
BRDA:26,3554,0,0
BRDA:26,3554,1,0
BRDA:26,3555,0,0
BRDA:26,3555,1,0
BRDA:26,3556,0,0
BRDA:26,3556,1,0
BRDA:26,3557,0,0
BRDA:26,3557,1,0
BRDA:26,3558,0,0
BRDA:26,3558,1,0
BRDA:26,3559,0,0
BRDA:26,3559,1,0
BRDA:26,3560,0,0
BRDA:26,3560,1,0
BRDA:26,3561,0,0
BRDA:26,3561,1,0
BRDA:26,3562,0,0
BRDA:26,3562,1,0
BRDA:26,3563,0,0
BRDA:26,3563,1,0
BRDA:26,3564,0,0
BRDA:26,3564,1,0
BRDA:26,3565,0,0
BRDA:26,3565,1,0
BRDA:26,3566,0,0
BRDA:26,3566,1,0
BRDA:26,3567,0,0
BRDA:26,3567,1,0
BRDA:26,3568,0,0
BRDA:26,3568,1,0
BRDA:26,3569,0,0
BRDA:26,3569,1,0
BRDA:26,3570,0,0
BRDA:26,3570,1,0
BRDA:26,3571,0,0
BRDA:26,3571,1,0
BRDA:26,3572,0,0
BRDA:26,3572,1,0
BRDA:26,3572,2,0
BRDA:26,3572,3,0
BRDA:26,3573,0,0
BRDA:26,3573,1,0
BRDA:26,3574,0,0
BRDA:26,3574,1,0
BRDA:26,3575,0,0
BRDA:26,3575,1,0
BRDA:26,3576,0,0
BRDA:26,3576,1,0
BRDA:26,3577,0,0
BRDA:26,3577,1,0
BRDA:26,3578,0,0
BRDA:26,3578,1,0
BRDA:26,3579,0,0
BRDA:26,3579,1,0
BRDA:26,3580,0,0
BRDA:26,3580,1,0
BRDA:26,3580,2,0
BRDA:26,3581,0,0
BRDA:26,3581,1,0
BRDA:26,3581,2,0
BRDA:26,3582,0,0
BRDA:26,3582,1,0
BRDA:26,3582,2,0
BRDA:26,3582,3,0
BRDA:26,3582,4,0
BRDA:26,3582,5,0
BRDA:26,3582,6,0
BRDA:26,3583,0,0
BRDA:26,3583,1,0
BRDA:26,3584,0,0
BRDA:26,3584,1,0
BRDA:26,3585,0,0
BRDA:26,3585,1,0
BRDA:26,3586,0,0
BRDA:26,3586,1,0
BRDA:26,3587,0,0
BRDA:26,3587,1,0
BRDA:26,3588,0,0
BRDA:26,3588,1,0
BRDA:26,3589,0,0
BRDA:26,3589,1,0
BRDA:26,3590,0,0
BRDA:26,3590,1,0
BRDA:26,3591,0,0
BRDA:26,3591,1,0
BRDA:26,3592,0,0
BRDA:26,3592,1,0
BRDA:26,3593,0,0
BRDA:26,3593,1,0
BRDA:26,3594,0,0
BRDA:26,3594,1,0
BRDA:26,3595,0,0
BRDA:26,3595,1,0
BRDA:26,3596,0,0
BRDA:26,3596,1,0
BRDA:26,3596,2,0
BRDA:26,3597,0,0
BRDA:26,3597,1,0
BRDA:26,3597,2,0
BRDA:26,3598,0,0
BRDA:26,3598,1,0
BRDA:26,3599,0,0
BRDA:26,3599,1,0
BRDA:26,3600,0,0
BRDA:26,3600,1,0
BRDA:26,3601,0,0
BRDA:26,3601,1,0
BRDA:26,3602,0,0
BRDA:26,3602,1,0
BRDA:26,3603,0,0
BRDA:26,3603,1,0
BRDA:26,3604,0,0
BRDA:26,3604,1,0
BRDA:26,3605,0,0
BRDA:26,3605,1,0
BRDA:26,3606,0,0
BRDA:26,3606,1,0
BRDA:26,3607,0,0
BRDA:26,3607,1,0
BRDA:26,3608,0,0
BRDA:26,3608,1,0
BRDA:26,3609,0,0
BRDA:26,3609,1,0
BRDA:26,3610,0,0
BRDA:26,3610,1,0
BRDA:26,3611,0,0
BRDA:26,3611,1,0
BRDA:26,3612,0,0
BRDA:26,3612,1,0
BRDA:26,3613,0,0
BRDA:26,3613,1,0
BRDA:26,3614,0,0
BRDA:26,3614,1,0
BRDA:26,3615,0,0
BRDA:26,3615,1,0
BRDA:26,3616,0,0
BRDA:26,3616,1,0
BRDA:26,3617,0,0
BRDA:26,3617,1,0
BRDA:26,3618,0,0
BRDA:26,3618,1,0
BRDA:26,3619,0,0
BRDA:26,3619,1,0
BRDA:26,3620,0,0
BRDA:26,3620,1,0
BRDA:26,3621,0,0
BRDA:26,3621,1,0
BRDA:26,3621,2,0
BRDA:26,3622,0,0
BRDA:26,3622,1,0
BRDA:26,3623,0,0
BRDA:26,3623,1,0
BRDA:26,3624,0,0
BRDA:26,3624,1,0
BRDA:26,3625,0,0
BRDA:26,3625,1,0
BRDA:26,3626,0,0
BRDA:26,3626,1,0
BRDA:26,3627,0,0
BRDA:26,3627,1,0
BRDA:26,3628,0,0
BRDA:26,3628,1,0
BRDA:26,3629,0,0
BRDA:26,3629,1,0
BRDA:26,3630,0,0
BRDA:26,3630,1,0
BRDA:26,3631,0,0
BRDA:26,3631,1,0
BRDA:26,3632,0,0
BRDA:26,3632,1,0
BRDA:26,3633,0,0
BRDA:26,3633,1,0
BRDA:26,3634,0,0
BRDA:26,3634,1,0
BRDA:26,3635,0,0
BRDA:26,3635,1,0
BRDA:26,3636,0,0
BRDA:26,3636,1,0
BRDA:26,3637,0,0
BRDA:26,3637,1,0
BRDA:26,3638,0,0
BRDA:26,3638,1,0
BRDA:26,3639,0,0
BRDA:26,3639,1,0
BRDA:26,3640,0,0
BRDA:26,3640,1,0
BRDA:26,3641,0,0
BRDA:26,3641,1,0
BRDA:26,3642,0,0
BRDA:26,3642,1,0
BRDA:26,3643,0,0
BRDA:26,3643,1,0
BRDA:26,3644,0,0
BRDA:26,3644,1,0
BRDA:26,3645,0,0
BRDA:26,3645,1,0
BRDA:26,3646,0,0
BRDA:26,3646,1,0
BRDA:26,3647,0,0
BRDA:26,3647,1,0
BRDA:26,3648,0,0
BRDA:26,3648,1,0
BRDA:26,3648,2,0
BRDA:26,3648,3,0
BRDA:26,3649,0,0
BRDA:26,3649,1,0
BRDA:26,3650,0,0
BRDA:26,3650,1,0
BRDA:26,3651,0,0
BRDA:26,3651,1,0
BRDA:26,3652,0,0
BRDA:26,3652,1,0
BRDA:26,3653,0,0
BRDA:26,3653,1,0
BRDA:26,3654,0,0
BRDA:26,3654,1,0
BRDA:26,3655,0,0
BRDA:26,3655,1,0
BRDA:26,3656,0,0
BRDA:26,3656,1,0
BRDA:26,3657,0,0
BRDA:26,3657,1,0
BRDA:26,3658,0,0
BRDA:26,3658,1,0
BRDA:26,3659,0,0
BRDA:26,3659,1,0
BRDA:26,3660,0,0
BRDA:26,3660,1,0
BRDA:26,3661,0,0
BRDA:26,3661,1,0
BRDA:26,3661,2,0
BRDA:26,3662,0,0
BRDA:26,3662,1,0
BRDA:26,3663,0,0
BRDA:26,3663,1,0
BRDA:26,3664,0,0
BRDA:26,3664,1,0
BRDA:26,3665,0,0
BRDA:26,3665,1,0
BRDA:26,3666,0,0
BRDA:26,3666,1,0
BRDA:26,3667,0,0
BRDA:26,3667,1,0
BRDA:26,3668,0,0
BRDA:26,3668,1,0
BRDA:26,3669,0,0
BRDA:26,3669,1,0
BRDA:26,3670,0,0
BRDA:26,3670,1,0
BRDA:26,3671,0,0
BRDA:26,3671,1,0
BRDA:26,3672,0,0
BRDA:26,3672,1,0
BRDA:26,3673,0,0
BRDA:26,3673,1,0
BRDA:26,3674,0,0
BRDA:26,3674,1,0
BRDA:26,3675,0,0
BRDA:26,3675,1,0
BRDA:26,3676,0,0
BRDA:26,3676,1,0
BRDA:26,3677,0,0
BRDA:26,3677,1,0
BRDA:26,3678,0,0
BRDA:26,3678,1,0
BRDA:26,3679,0,0
BRDA:26,3679,1,0
BRDA:26,3680,0,0
BRDA:26,3680,1,0
BRDA:26,3681,0,0
BRDA:26,3681,1,0
BRDA:26,3682,0,0
BRDA:26,3682,1,0
BRDA:26,3683,0,0
BRDA:26,3683,1,0
BRDA:26,3684,0,0
BRDA:26,3684,1,0
BRDA:26,3685,0,0
BRDA:26,3685,1,0
BRDA:26,3686,0,0
BRDA:26,3686,1,0
BRDA:26,3687,0,0
BRDA:26,3687,1,0
BRDA:26,3688,0,0
BRDA:26,3688,1,0
BRDA:26,3689,0,0
BRDA:26,3689,1,0
BRDA:26,3690,0,0
BRDA:26,3690,1,0
BRDA:26,3691,0,0
BRDA:26,3691,1,0
BRDA:26,3691,2,0
BRDA:26,3692,0,0
BRDA:26,3692,1,0
BRDA:26,3693,0,0
BRDA:26,3693,1,0
BRDA:26,3694,0,0
BRDA:26,3694,1,0
BRDA:26,3695,0,0
BRDA:26,3695,1,0
BRDA:26,3696,0,0
BRDA:26,3696,1,0
BRDA:26,3697,0,0
BRDA:26,3697,1,0
BRDA:26,3698,0,0
BRDA:26,3698,1,0
BRDA:26,3699,0,0
BRDA:26,3699,1,0
BRDA:26,3700,0,0
BRDA:26,3700,1,0
BRDA:26,3701,0,0
BRDA:26,3701,1,0
BRDA:26,3702,0,0
BRDA:26,3702,1,0
BRDA:26,3703,0,0
BRDA:26,3703,1,0
BRDA:26,3704,0,0
BRDA:26,3704,1,0
BRDA:26,3705,0,0
BRDA:26,3705,1,0
BRDA:26,3706,0,0
BRDA:26,3706,1,0
BRDA:26,3707,0,0
BRDA:26,3707,1,0
BRDA:26,3708,0,0
BRDA:26,3708,1,0
BRDA:26,3709,0,0
BRDA:26,3709,1,0
BRDA:26,3710,0,0
BRDA:26,3710,1,0
BRDA:26,3711,0,0
BRDA:26,3711,1,0
BRDA:26,3712,0,0
BRDA:26,3712,1,0
BRDA:26,3713,0,0
BRDA:26,3713,1,0
BRDA:26,3714,0,0
BRDA:26,3714,1,0
BRDA:26,3715,0,0
BRDA:26,3715,1,0
BRDA:26,3716,0,0
BRDA:26,3716,1,0
BRDA:26,3717,0,0
BRDA:26,3717,1,0
BRDA:26,3718,0,0
BRDA:26,3718,1,0
BRDA:26,3719,0,0
BRDA:26,3719,1,0
BRDA:26,3720,0,0
BRDA:26,3720,1,0
BRDA:26,3721,0,0
BRDA:26,3721,1,0
BRDA:26,3722,0,0
BRDA:26,3722,1,0
BRDA:26,3723,0,0
BRDA:26,3723,1,0
BRDA:26,3724,0,0
BRDA:26,3724,1,0
BRDA:26,3725,0,0
BRDA:26,3725,1,0
BRDA:26,3726,0,0
BRDA:26,3726,1,0
BRDA:26,3727,0,0
BRDA:26,3727,1,0
BRDA:26,3728,0,0
BRDA:26,3728,1,0
BRDA:26,3729,0,0
BRDA:26,3729,1,0
BRDA:26,3729,2,0
BRDA:26,3730,0,0
BRDA:26,3730,1,0
BRDA:26,3731,0,0
BRDA:26,3731,1,0
BRDA:26,3732,0,0
BRDA:26,3732,1,0
BRDA:26,3733,0,0
BRDA:26,3733,1,0
BRDA:26,3734,0,0
BRDA:26,3734,1,0
BRDA:26,3735,0,0
BRDA:26,3735,1,0
BRDA:26,3736,0,0
BRDA:26,3736,1,0
BRDA:26,3737,0,0
BRDA:26,3737,1,0
BRDA:26,3738,0,0
BRDA:26,3738,1,0
BRDA:26,3739,0,0
BRDA:26,3739,1,0
BRDA:26,3740,0,0
BRDA:26,3740,1,0
BRDA:26,3740,2,0
BRDA:26,3741,0,0
BRDA:26,3741,1,0
BRDA:26,3742,0,0
BRDA:26,3742,1,0
BRDA:26,3743,0,0
BRDA:26,3743,1,0
BRDA:26,3744,0,0
BRDA:26,3744,1,0
BRDA:26,3745,0,0
BRDA:26,3745,1,0
BRDA:26,3746,0,0
BRDA:26,3746,1,0
BRDA:26,3747,0,0
BRDA:26,3747,1,0
BRDA:26,3748,0,0
BRDA:26,3748,1,0
BRDA:26,3749,0,0
BRDA:26,3749,1,0
BRDA:26,3750,0,0
BRDA:26,3750,1,0
BRDA:26,3751,0,0
BRDA:26,3751,1,0
BRDA:26,3752,0,0
BRDA:26,3752,1,0
BRDA:26,3753,0,0
BRDA:26,3753,1,0
BRDA:26,3754,0,0
BRDA:26,3754,1,0
BRDA:26,3755,0,0
BRDA:26,3755,1,0
BRDA:26,3756,0,0
BRDA:26,3756,1,0
BRDA:26,3757,0,0
BRDA:26,3757,1,0
BRDA:26,3758,0,0
BRDA:26,3758,1,0
BRDA:26,3759,0,0
BRDA:26,3759,1,0
BRDA:26,3760,0,0
BRDA:26,3760,1,0
BRDA:26,3761,0,0
BRDA:26,3761,1,0
BRDA:26,3762,0,0
BRDA:26,3762,1,0
BRDA:26,3763,0,0
BRDA:26,3763,1,0
BRDA:26,3763,2,0
BRDA:26,3763,3,0
BRDA:26,3764,0,0
BRDA:26,3764,1,0
BRDA:26,3765,0,0
BRDA:26,3765,1,0
BRDA:26,3766,0,0
BRDA:26,3766,1,0
BRDA:26,3767,0,0
BRDA:26,3767,1,0
BRDA:26,3768,0,0
BRDA:26,3768,1,0
BRDA:26,3769,0,0
BRDA:26,3769,1,0
BRDA:26,3770,0,0
BRDA:26,3770,1,0
BRDA:26,3771,0,0
BRDA:26,3771,1,0
BRDA:26,3772,0,0
BRDA:26,3772,1,0
BRDA:26,3773,0,0
BRDA:26,3773,1,0
BRDA:26,3774,0,0
BRDA:26,3774,1,0
BRDA:26,3775,0,0
BRDA:26,3775,1,0
BRDA:26,3776,0,0
BRDA:26,3776,1,0
BRDA:26,3777,0,0
BRDA:26,3777,1,0
BRDA:26,3778,0,0
BRDA:26,3778,1,0
BRDA:26,3779,0,0
BRDA:26,3779,1,0
BRDA:26,3780,0,0
BRDA:26,3780,1,0
BRDA:26,3781,0,0
BRDA:26,3781,1,0
BRDA:26,3782,0,0
BRDA:26,3782,1,0
BRDA:26,3783,0,0
BRDA:26,3783,1,0
BRDA:26,3784,0,0
BRDA:26,3784,1,0
BRDA:26,3785,0,0
BRDA:26,3785,1,0
BRDA:26,3786,0,0
BRDA:26,3786,1,0
BRDA:26,3787,0,0
BRDA:26,3787,1,0
BRDA:26,3788,0,0
BRDA:26,3788,1,0
BRDA:26,3789,0,0
BRDA:26,3789,1,0
BRDA:26,3790,0,0
BRDA:26,3790,1,0
BRDA:26,3790,2,0
BRDA:26,3791,0,0
BRDA:26,3791,1,0
BRDA:26,3792,0,0
BRDA:26,3792,1,0
BRDA:26,3793,0,0
BRDA:26,3793,1,0
BRDA:26,3794,0,0
BRDA:26,3794,1,0
BRDA:26,3794,2,0
BRDA:26,3795,0,0
BRDA:26,3795,1,0
BRDA:26,3795,2,0
BRDA:26,3795,3,0
BRDA:26,3795,4,0
BRDA:26,3796,0,0
BRDA:26,3796,1,0
BRDA:26,3797,0,0
BRDA:26,3797,1,0
BRDA:26,3797,2,0
BRDA:26,3798,0,0
BRDA:26,3798,1,0
BRDA:26,3798,2,0
BRDA:26,3799,0,0
BRDA:26,3799,1,0
BRDA:26,3799,2,0
BRDA:26,3800,0,0
BRDA:26,3800,1,0
BRDA:26,3800,2,0
BRDA:26,3800,3,0
BRDA:26,3800,4,0
BRDA:26,3801,0,0
BRDA:26,3801,1,0
BRDA:26,3802,0,0
BRDA:26,3802,1,0
BRDA:26,3802,2,0
BRDA:26,3803,0,0
BRDA:26,3803,1,0
BRDA:26,3804,0,0
BRDA:26,3804,1,0
BRDA:26,3805,0,0
BRDA:26,3805,1,0
BRDA:26,3806,0,0
BRDA:26,3806,1,0
BRDA:26,3807,0,0
BRDA:26,3807,1,0
BRDA:26,3808,0,0
BRDA:26,3808,1,0
BRDA:26,3808,2,0
BRDA:26,3809,0,0
BRDA:26,3809,1,0
BRDA:26,3810,0,0
BRDA:26,3810,1,0
BRDA:26,3811,0,0
BRDA:26,3811,1,0
BRDA:26,3812,0,0
BRDA:26,3812,1,0
BRDA:26,3812,2,0
BRDA:26,3813,0,0
BRDA:26,3813,1,0
BRDA:26,3814,0,0
BRDA:26,3814,1,0
BRDA:26,3815,0,0
BRDA:26,3815,1,0
BRDA:26,3816,0,0
BRDA:26,3816,1,0
BRDA:26,3816,2,0
BRDA:26,3817,0,0
BRDA:26,3817,1,0
BRDA:26,3818,0,0
BRDA:26,3818,1,0
BRDA:26,3819,0,0
BRDA:26,3819,1,0
BRDA:26,3820,0,0
BRDA:26,3820,1,0
BRDA:26,3821,0,0
BRDA:26,3821,1,0
BRDA:26,3822,0,0
BRDA:26,3822,1,0
BRDA:26,3822,2,0
BRDA:26,3823,0,0
BRDA:26,3823,1,0
BRDA:26,3824,0,0
BRDA:26,3824,1,0
BRDA:26,3825,0,0
BRDA:26,3825,1,0
BRDA:26,3826,0,0
BRDA:26,3826,1,0
BRDA:26,3827,0,0
BRDA:26,3827,1,0
BRDA:26,3828,0,0
BRDA:26,3828,1,0
BRDA:26,3829,0,0
BRDA:26,3829,1,0
BRDA:26,3830,0,0
BRDA:26,3830,1,0
BRDA:26,3831,0,0
BRDA:26,3831,1,0
BRDA:26,3832,0,0
BRDA:26,3832,1,0
BRDA:26,3833,0,0
BRDA:26,3833,1,0
BRDA:26,3833,2,0
BRDA:26,3834,0,0
BRDA:26,3834,1,0
BRDA:26,3835,0,0
BRDA:26,3835,1,0
BRDA:26,3836,0,0
BRDA:26,3836,1,0
BRDA:26,3837,0,0
BRDA:26,3837,1,0
BRDA:26,3838,0,0
BRDA:26,3838,1,0
BRDA:26,3839,0,0
BRDA:26,3839,1,0
BRDA:26,3840,0,0
BRDA:26,3840,1,0
BRDA:26,3841,0,0
BRDA:26,3841,1,0
BRDA:26,3842,0,0
BRDA:26,3842,1,0
BRDA:26,3843,0,0
BRDA:26,3843,1,0
BRDA:26,3844,0,0
BRDA:26,3844,1,0
BRDA:26,3845,0,0
BRDA:26,3845,1,0
BRF:8441
BRH:0
end_of_record
TN:
SF:/home/sams/samsdebian/reimagine-github/src/main.js
FN:11,(anonymous_0)
FN:19,(anonymous_1)
FNF:2
FNH:0
FNDA:0,(anonymous_0)
FNDA:0,(anonymous_1)
DA:7,0
DA:8,0
DA:10,0
DA:12,0
DA:18,0
DA:19,0
LF:6
LH:0
BRF:0
BRH:0
end_of_record
TN:
SF:/home/sams/samsdebian/reimagine-github/src/router/index.js
FNF:0
FNH:0
DA:8,0
DA:35,0
LF:2
LH:0
BRF:0
BRH:0
end_of_record
