TN:
SF:/home/sams/samsdebian/reimagine-github/src/components/landing-page.vue
FN:12,(anonymous_1)
FN:18,(anonymous_2)
FNF:2
FNH:1
FNDA:0,(anonymous_1)
FNDA:1,(anonymous_2)
DA:13,0
DA:14,0
DA:19,1
LF:3
LH:1
BRDA:13,0,0,0
BRDA:13,0,1,0
BRF:2
BRH:0
end_of_record
TN:
SF:/home/sams/samsdebian/reimagine-github/src/components/user-profile.vue
FN:27,(anonymous_1)
FN:33,(anonymous_2)
FN:34,(anonymous_3)
FN:38,(anonymous_4)
FN:39,(anonymous_5)
FN:44,(anonymous_6)
FNF:6
FNH:4
FNDA:1,(anonymous_1)
FNDA:1,(anonymous_2)
FNDA:0,(anonymous_3)
FNDA:1,(anonymous_4)
FNDA:0,(anonymous_5)
FNDA:1,(anonymous_6)
DA:28,1
DA:29,1
DA:30,1
DA:34,1
DA:35,0
DA:39,1
DA:40,0
DA:45,1
LF:8
LH:6
BRF:0
BRH:0
end_of_record
